{"/home/vaibhav/Desktop/term/term/postcss.config.js": {"path":"/home/vaibhav/Desktop/term/term/postcss.config.js","all":true,"statementMap":{"0":{"start":{"line":1,"column":0},"end":{"line":1,"column":16}},"1":{"start":{"line":2,"column":0},"end":{"line":2,"column":12}},"2":{"start":{"line":3,"column":0},"end":{"line":3,"column":20}},"3":{"start":{"line":4,"column":0},"end":{"line":4,"column":21}},"4":{"start":{"line":5,"column":0},"end":{"line":5,"column":4}},"5":{"start":{"line":6,"column":0},"end":{"line":6,"column":1}}},"s":{"0":0,"1":0,"2":0,"3":0,"4":0,"5":0},"branchMap":{"0":{"type":"branch","line":1,"loc":{"start":{"line":1,"column":79},"end":{"line":6,"column":1}},"locations":[{"start":{"line":1,"column":79},"end":{"line":6,"column":1}}]}},"b":{"0":[0]},"fnMap":{"0":{"name":"(empty-report)","decl":{"start":{"line":1,"column":79},"end":{"line":6,"column":1}},"loc":{"start":{"line":1,"column":79},"end":{"line":6,"column":1}},"line":1}},"f":{"0":0}}
,"/home/vaibhav/Desktop/term/term/tailwind.config.js": {"path":"/home/vaibhav/Desktop/term/term/tailwind.config.js","all":true,"statementMap":{"0":{"start":{"line":1,"column":0},"end":{"line":1,"column":43}},"1":{"start":{"line":2,"column":0},"end":{"line":2,"column":16}},"2":{"start":{"line":3,"column":0},"end":{"line":3,"column":12}},"3":{"start":{"line":4,"column":0},"end":{"line":4,"column":19}},"4":{"start":{"line":5,"column":0},"end":{"line":5,"column":33}},"5":{"start":{"line":6,"column":0},"end":{"line":6,"column":4}},"6":{"start":{"line":7,"column":0},"end":{"line":7,"column":10}},"7":{"start":{"line":8,"column":0},"end":{"line":8,"column":13}},"8":{"start":{"line":9,"column":0},"end":{"line":9,"column":15}},"9":{"start":{"line":10,"column":0},"end":{"line":10,"column":19}},"10":{"start":{"line":11,"column":0},"end":{"line":11,"column":24}},"11":{"start":{"line":12,"column":0},"end":{"line":12,"column":26}},"12":{"start":{"line":13,"column":0},"end":{"line":13,"column":29}},"13":{"start":{"line":14,"column":0},"end":{"line":14,"column":28}},"14":{"start":{"line":15,"column":0},"end":{"line":15,"column":27}},"15":{"start":{"line":16,"column":0},"end":{"line":16,"column":25}},"16":{"start":{"line":17,"column":0},"end":{"line":17,"column":28}},"17":{"start":{"line":18,"column":0},"end":{"line":18,"column":25}},"18":{"start":{"line":19,"column":0},"end":{"line":19,"column":9}},"19":{"start":{"line":20,"column":0},"end":{"line":20,"column":8}},"20":{"start":{"line":21,"column":0},"end":{"line":21,"column":19}},"21":{"start":{"line":22,"column":0},"end":{"line":22,"column":56}},"22":{"start":{"line":23,"column":0},"end":{"line":23,"column":8}},"23":{"start":{"line":24,"column":0},"end":{"line":24,"column":18}},"24":{"start":{"line":25,"column":0},"end":{"line":25,"column":49}},"25":{"start":{"line":26,"column":0},"end":{"line":26,"column":45}},"26":{"start":{"line":27,"column":0},"end":{"line":27,"column":8}},"27":{"start":{"line":28,"column":0},"end":{"line":28,"column":18}},"28":{"start":{"line":29,"column":0},"end":{"line":29,"column":17}},"29":{"start":{"line":30,"column":0},"end":{"line":30,"column":33}},"30":{"start":{"line":31,"column":0},"end":{"line":31,"column":35}},"31":{"start":{"line":32,"column":0},"end":{"line":32,"column":9}},"32":{"start":{"line":33,"column":0},"end":{"line":33,"column":7}},"33":{"start":{"line":34,"column":0},"end":{"line":34,"column":6}},"34":{"start":{"line":35,"column":0},"end":{"line":35,"column":4}},"35":{"start":{"line":36,"column":0},"end":{"line":36,"column":14}},"36":{"start":{"line":37,"column":0},"end":{"line":37,"column":1}}},"s":{"0":0,"1":0,"2":0,"3":0,"4":0,"5":0,"6":0,"7":0,"8":0,"9":0,"10":0,"11":0,"12":0,"13":0,"14":0,"15":0,"16":0,"17":0,"18":0,"19":0,"20":0,"21":0,"22":0,"23":0,"24":0,"25":0,"26":0,"27":0,"28":0,"29":0,"30":0,"31":0,"32":0,"33":0,"34":0,"35":0,"36":0},"branchMap":{"0":{"type":"branch","line":1,"loc":{"start":{"line":1,"column":796},"end":{"line":37,"column":1}},"locations":[{"start":{"line":1,"column":796},"end":{"line":37,"column":1}}]}},"b":{"0":[0]},"fnMap":{"0":{"name":"(empty-report)","decl":{"start":{"line":1,"column":796},"end":{"line":37,"column":1}},"loc":{"start":{"line":1,"column":796},"end":{"line":37,"column":1}},"line":1}},"f":{"0":0}}
,"/home/vaibhav/Desktop/term/term/src/App.tsx": {"path":"/home/vaibhav/Desktop/term/term/src/App.tsx","all":true,"statementMap":{"0":{"start":{"line":1,"column":0},"end":{"line":1,"column":45}},"1":{"start":{"line":2,"column":0},"end":{"line":2,"column":19}},"3":{"start":{"line":4,"column":0},"end":{"line":4,"column":16}},"4":{"start":{"line":5,"column":0},"end":{"line":5,"column":24}},"5":{"start":{"line":6,"column":0},"end":{"line":6,"column":1}},"7":{"start":{"line":8,"column":0},"end":{"line":8,"column":19}}},"s":{"0":0,"1":0,"3":0,"4":0,"5":0,"7":0},"branchMap":{"0":{"type":"branch","line":1,"loc":{"start":{"line":1,"column":131},"end":{"line":8,"column":19}},"locations":[{"start":{"line":1,"column":131},"end":{"line":8,"column":19}}]}},"b":{"0":[0]},"fnMap":{"0":{"name":"(empty-report)","decl":{"start":{"line":1,"column":131},"end":{"line":8,"column":19}},"loc":{"start":{"line":1,"column":131},"end":{"line":8,"column":19}},"line":1}},"f":{"0":0}}
,"/home/vaibhav/Desktop/term/term/src/main.tsx": {"path":"/home/vaibhav/Desktop/term/term/src/main.tsx","all":true,"statementMap":{"0":{"start":{"line":1,"column":0},"end":{"line":1,"column":34}},"1":{"start":{"line":2,"column":0},"end":{"line":2,"column":45}},"2":{"start":{"line":3,"column":0},"end":{"line":3,"column":20}},"3":{"start":{"line":4,"column":0},"end":{"line":4,"column":27}},"5":{"start":{"line":6,"column":0},"end":{"line":6,"column":52}},"6":{"start":{"line":7,"column":0},"end":{"line":7,"column":14}},"7":{"start":{"line":8,"column":0},"end":{"line":8,"column":11}},"8":{"start":{"line":9,"column":0},"end":{"line":9,"column":16}},"9":{"start":{"line":10,"column":0},"end":{"line":10,"column":1}}},"s":{"0":0,"1":0,"2":0,"3":0,"5":0,"6":0,"7":0,"8":0,"9":0},"branchMap":{"0":{"type":"branch","line":1,"loc":{"start":{"line":1,"column":203},"end":{"line":10,"column":-148}},"locations":[{"start":{"line":1,"column":203},"end":{"line":10,"column":-148}}]}},"b":{"0":[0]},"fnMap":{"0":{"name":"(empty-report)","decl":{"start":{"line":1,"column":203},"end":{"line":10,"column":-148}},"loc":{"start":{"line":1,"column":203},"end":{"line":10,"column":-148}},"line":1}},"f":{"0":0}}
,"/home/vaibhav/Desktop/term/term/src-tauri/target/debug/build/app-2e7620c08397e551/out/__global-api-script.js": {"path":"/home/vaibhav/Desktop/term/term/src-tauri/target/debug/build/app-2e7620c08397e551/out/__global-api-script.js","all":true,"statementMap":{"0":{"start":{"line":1,"column":0},"end":{"line":1,"column":420}}},"s":{"0":0},"branchMap":{"0":{"type":"branch","line":1,"loc":{"start":{"line":1,"column":0},"end":{"line":1,"column":420}},"locations":[{"start":{"line":1,"column":0},"end":{"line":1,"column":420}}]}},"b":{"0":[0]},"fnMap":{"0":{"name":"(empty-report)","decl":{"start":{"line":1,"column":0},"end":{"line":1,"column":420}},"loc":{"start":{"line":1,"column":0},"end":{"line":1,"column":420}},"line":1}},"f":{"0":0}}
,"/home/vaibhav/Desktop/term/term/src-tauri/target/debug/build/app-635d05c53f08d7fe/out/__global-api-script.js": {"path":"/home/vaibhav/Desktop/term/term/src-tauri/target/debug/build/app-635d05c53f08d7fe/out/__global-api-script.js","all":true,"statementMap":{"0":{"start":{"line":1,"column":0},"end":{"line":1,"column":420}}},"s":{"0":0},"branchMap":{"0":{"type":"branch","line":1,"loc":{"start":{"line":1,"column":0},"end":{"line":1,"column":420}},"locations":[{"start":{"line":1,"column":0},"end":{"line":1,"column":420}}]}},"b":{"0":[0]},"fnMap":{"0":{"name":"(empty-report)","decl":{"start":{"line":1,"column":0},"end":{"line":1,"column":420}},"loc":{"start":{"line":1,"column":0},"end":{"line":1,"column":420}},"line":1}},"f":{"0":0}}
,"/home/vaibhav/Desktop/term/term/src-tauri/target/debug/build/app-a34c5ceb07640591/out/__global-api-script.js": {"path":"/home/vaibhav/Desktop/term/term/src-tauri/target/debug/build/app-a34c5ceb07640591/out/__global-api-script.js","all":true,"statementMap":{"0":{"start":{"line":1,"column":0},"end":{"line":1,"column":420}}},"s":{"0":0},"branchMap":{"0":{"type":"branch","line":1,"loc":{"start":{"line":1,"column":0},"end":{"line":1,"column":420}},"locations":[{"start":{"line":1,"column":0},"end":{"line":1,"column":420}}]}},"b":{"0":[0]},"fnMap":{"0":{"name":"(empty-report)","decl":{"start":{"line":1,"column":0},"end":{"line":1,"column":420}},"loc":{"start":{"line":1,"column":0},"end":{"line":1,"column":420}},"line":1}},"f":{"0":0}}
,"/home/vaibhav/Desktop/term/term/src-tauri/target/debug/build/app-c354192f55d9b54a/out/__global-api-script.js": {"path":"/home/vaibhav/Desktop/term/term/src-tauri/target/debug/build/app-c354192f55d9b54a/out/__global-api-script.js","all":true,"statementMap":{"0":{"start":{"line":1,"column":0},"end":{"line":1,"column":420}}},"s":{"0":0},"branchMap":{"0":{"type":"branch","line":1,"loc":{"start":{"line":1,"column":0},"end":{"line":1,"column":420}},"locations":[{"start":{"line":1,"column":0},"end":{"line":1,"column":420}}]}},"b":{"0":[0]},"fnMap":{"0":{"name":"(empty-report)","decl":{"start":{"line":1,"column":0},"end":{"line":1,"column":420}},"loc":{"start":{"line":1,"column":0},"end":{"line":1,"column":420}},"line":1}},"f":{"0":0}}
,"/home/vaibhav/Desktop/term/term/src-tauri/target/release/build/app-864a11719e165fa3/out/__global-api-script.js": {"path":"/home/vaibhav/Desktop/term/term/src-tauri/target/release/build/app-864a11719e165fa3/out/__global-api-script.js","all":true,"statementMap":{"0":{"start":{"line":1,"column":0},"end":{"line":1,"column":420}}},"s":{"0":0},"branchMap":{"0":{"type":"branch","line":1,"loc":{"start":{"line":1,"column":0},"end":{"line":1,"column":420}},"locations":[{"start":{"line":1,"column":0},"end":{"line":1,"column":420}}]}},"b":{"0":[0]},"fnMap":{"0":{"name":"(empty-report)","decl":{"start":{"line":1,"column":0},"end":{"line":1,"column":420}},"loc":{"start":{"line":1,"column":0},"end":{"line":1,"column":420}},"line":1}},"f":{"0":0}}
,"/home/vaibhav/Desktop/term/term/src-tauri/target/release/build/app-864a11719e165fa3/out/tauri-codegen-assets/e541ba2720fd88eddfa3655c9c48073fd713e83739d0b6e34041571845569a58.js": {"path":"/home/vaibhav/Desktop/term/term/src-tauri/target/release/build/app-864a11719e165fa3/out/tauri-codegen-assets/e541ba2720fd88eddfa3655c9c48073fd713e83739d0b6e34041571845569a58.js","all":true,"statementMap":{"0":{"start":{"line":1,"column":0},"end":{"line":1,"column":45}},"1":{"start":{"line":2,"column":0},"end":{"line":2,"column":57}},"2":{"start":{"line":3,"column":0},"end":{"line":3,"column":358}},"3":{"start":{"line":4,"column":0},"end":{"line":4,"column":332}},"4":{"start":{"line":5,"column":0},"end":{"line":5,"column":359}},"5":{"start":{"line":6,"column":0},"end":{"line":6,"column":197}},"6":{"start":{"line":7,"column":0},"end":{"line":7,"column":70}},"7":{"start":{"line":8,"column":0},"end":{"line":8,"column":80}},"8":{"start":{"line":9,"column":0},"end":{"line":9,"column":267}},"9":{"start":{"line":10,"column":0},"end":{"line":10,"column":9}},"10":{"start":{"line":11,"column":0},"end":{"line":11,"column":124}},"11":{"start":{"line":12,"column":0},"end":{"line":12,"column":124}},"12":{"start":{"line":13,"column":0},"end":{"line":13,"column":297}},"13":{"start":{"line":14,"column":0},"end":{"line":14,"column":20}},"14":{"start":{"line":15,"column":0},"end":{"line":15,"column":29}},"15":{"start":{"line":16,"column":0},"end":{"line":16,"column":35}},"16":{"start":{"line":17,"column":0},"end":{"line":17,"column":77}},"17":{"start":{"line":18,"column":0},"end":{"line":18,"column":243}},"18":{"start":{"line":19,"column":0},"end":{"line":19,"column":28}},"19":{"start":{"line":20,"column":0},"end":{"line":20,"column":699}},"20":{"start":{"line":21,"column":0},"end":{"line":21,"column":251}},"21":{"start":{"line":22,"column":0},"end":{"line":22,"column":419}},"22":{"start":{"line":23,"column":0},"end":{"line":23,"column":287}},"23":{"start":{"line":24,"column":0},"end":{"line":24,"column":598}},"24":{"start":{"line":25,"column":0},"end":{"line":25,"column":348}},"25":{"start":{"line":26,"column":0},"end":{"line":26,"column":868}},"26":{"start":{"line":27,"column":0},"end":{"line":27,"column":21}},"27":{"start":{"line":28,"column":0},"end":{"line":28,"column":125}},"28":{"start":{"line":29,"column":0},"end":{"line":29,"column":168}},"29":{"start":{"line":30,"column":0},"end":{"line":30,"column":197}},"30":{"start":{"line":31,"column":0},"end":{"line":31,"column":593}},"31":{"start":{"line":32,"column":0},"end":{"line":32,"column":204}},"32":{"start":{"line":33,"column":0},"end":{"line":33,"column":204}},"33":{"start":{"line":34,"column":0},"end":{"line":34,"column":68}},"34":{"start":{"line":35,"column":0},"end":{"line":35,"column":86}},"35":{"start":{"line":36,"column":0},"end":{"line":36,"column":133}},"36":{"start":{"line":37,"column":0},"end":{"line":37,"column":37}},"37":{"start":{"line":38,"column":0},"end":{"line":38,"column":264}},"38":{"start":{"line":39,"column":0},"end":{"line":39,"column":302}},"39":{"start":{"line":40,"column":0},"end":{"line":40,"column":846}},"40":{"start":{"line":41,"column":0},"end":{"line":41,"column":364}},"41":{"start":{"line":42,"column":0},"end":{"line":42,"column":296}},"42":{"start":{"line":43,"column":0},"end":{"line":43,"column":114}},"43":{"start":{"line":44,"column":0},"end":{"line":44,"column":384}},"44":{"start":{"line":45,"column":0},"end":{"line":45,"column":110}},"45":{"start":{"line":46,"column":0},"end":{"line":46,"column":227}},"46":{"start":{"line":47,"column":0},"end":{"line":47,"column":193}},"47":{"start":{"line":48,"column":0},"end":{"line":48,"column":44}},"48":{"start":{"line":49,"column":0},"end":{"line":49,"column":259}},"49":{"start":{"line":50,"column":0},"end":{"line":50,"column":196}},"50":{"start":{"line":51,"column":0},"end":{"line":51,"column":3}},"51":{"start":{"line":52,"column":0},"end":{"line":52,"column":158}},"52":{"start":{"line":53,"column":0},"end":{"line":53,"column":78}},"53":{"start":{"line":54,"column":0},"end":{"line":54,"column":195}},"54":{"start":{"line":55,"column":0},"end":{"line":55,"column":294}},"55":{"start":{"line":56,"column":0},"end":{"line":56,"column":261}},"56":{"start":{"line":57,"column":0},"end":{"line":57,"column":94}},"57":{"start":{"line":58,"column":0},"end":{"line":58,"column":257}},"58":{"start":{"line":59,"column":0},"end":{"line":59,"column":166}},"59":{"start":{"line":60,"column":0},"end":{"line":60,"column":88}},"60":{"start":{"line":61,"column":0},"end":{"line":61,"column":147}},"61":{"start":{"line":62,"column":0},"end":{"line":62,"column":246}},"62":{"start":{"line":63,"column":0},"end":{"line":63,"column":37}},"63":{"start":{"line":64,"column":0},"end":{"line":64,"column":276}},"64":{"start":{"line":65,"column":0},"end":{"line":65,"column":121}},"65":{"start":{"line":66,"column":0},"end":{"line":66,"column":330}},"66":{"start":{"line":67,"column":0},"end":{"line":67,"column":47}},"67":{"start":{"line":68,"column":0},"end":{"line":68,"column":307}},"68":{"start":{"line":69,"column":0},"end":{"line":69,"column":396}},"69":{"start":{"line":70,"column":0},"end":{"line":70,"column":4}},"70":{"start":{"line":71,"column":0},"end":{"line":71,"column":410}},"71":{"start":{"line":72,"column":0},"end":{"line":72,"column":12}},"72":{"start":{"line":73,"column":0},"end":{"line":73,"column":149}},"73":{"start":{"line":74,"column":0},"end":{"line":74,"column":65}},"74":{"start":{"line":75,"column":0},"end":{"line":75,"column":862}},"75":{"start":{"line":76,"column":0},"end":{"line":76,"column":310}},"76":{"start":{"line":77,"column":0},"end":{"line":77,"column":1550}},"77":{"start":{"line":78,"column":0},"end":{"line":78,"column":471}},"78":{"start":{"line":79,"column":0},"end":{"line":79,"column":59}},"79":{"start":{"line":80,"column":0},"end":{"line":80,"column":141}},"80":{"start":{"line":81,"column":0},"end":{"line":81,"column":1210}},"81":{"start":{"line":82,"column":0},"end":{"line":82,"column":72}},"82":{"start":{"line":83,"column":0},"end":{"line":83,"column":250}},"83":{"start":{"line":84,"column":0},"end":{"line":84,"column":633}},"84":{"start":{"line":85,"column":0},"end":{"line":85,"column":65}},"85":{"start":{"line":86,"column":0},"end":{"line":86,"column":282}},"86":{"start":{"line":87,"column":0},"end":{"line":87,"column":55}},"87":{"start":{"line":88,"column":0},"end":{"line":88,"column":70}},"88":{"start":{"line":89,"column":0},"end":{"line":89,"column":31}},"89":{"start":{"line":90,"column":0},"end":{"line":90,"column":202}},"90":{"start":{"line":91,"column":0},"end":{"line":91,"column":155}},"91":{"start":{"line":92,"column":0},"end":{"line":92,"column":99}},"92":{"start":{"line":93,"column":0},"end":{"line":93,"column":442}},"93":{"start":{"line":94,"column":0},"end":{"line":94,"column":43}},"94":{"start":{"line":95,"column":0},"end":{"line":95,"column":28}},"95":{"start":{"line":96,"column":0},"end":{"line":96,"column":225}},"96":{"start":{"line":97,"column":0},"end":{"line":97,"column":38}},"97":{"start":{"line":98,"column":0},"end":{"line":98,"column":1086}},"98":{"start":{"line":99,"column":0},"end":{"line":99,"column":429}},"99":{"start":{"line":100,"column":0},"end":{"line":100,"column":214}},"100":{"start":{"line":101,"column":0},"end":{"line":101,"column":58}},"101":{"start":{"line":102,"column":0},"end":{"line":102,"column":244}},"102":{"start":{"line":103,"column":0},"end":{"line":103,"column":559}},"103":{"start":{"line":104,"column":0},"end":{"line":104,"column":312}},"104":{"start":{"line":105,"column":0},"end":{"line":105,"column":24}},"105":{"start":{"line":106,"column":0},"end":{"line":106,"column":231}},"106":{"start":{"line":107,"column":0},"end":{"line":107,"column":872}},"107":{"start":{"line":108,"column":0},"end":{"line":108,"column":120}},"108":{"start":{"line":109,"column":0},"end":{"line":109,"column":7}},"109":{"start":{"line":110,"column":0},"end":{"line":110,"column":182}},"110":{"start":{"line":111,"column":0},"end":{"line":111,"column":10}},"111":{"start":{"line":112,"column":0},"end":{"line":112,"column":532}},"112":{"start":{"line":113,"column":0},"end":{"line":113,"column":33}},"113":{"start":{"line":114,"column":0},"end":{"line":114,"column":101}},"114":{"start":{"line":115,"column":0},"end":{"line":115,"column":278}},"115":{"start":{"line":116,"column":0},"end":{"line":116,"column":160}},"116":{"start":{"line":117,"column":0},"end":{"line":117,"column":57}},"117":{"start":{"line":118,"column":0},"end":{"line":118,"column":188}},"118":{"start":{"line":119,"column":0},"end":{"line":119,"column":53}},"119":{"start":{"line":120,"column":0},"end":{"line":120,"column":794}},"120":{"start":{"line":121,"column":0},"end":{"line":121,"column":185}},"121":{"start":{"line":122,"column":0},"end":{"line":122,"column":788}},"122":{"start":{"line":123,"column":0},"end":{"line":123,"column":133}},"123":{"start":{"line":124,"column":0},"end":{"line":124,"column":88}},"124":{"start":{"line":125,"column":0},"end":{"line":125,"column":115}},"125":{"start":{"line":126,"column":0},"end":{"line":126,"column":66}},"126":{"start":{"line":127,"column":0},"end":{"line":127,"column":534}},"127":{"start":{"line":128,"column":0},"end":{"line":128,"column":283}},"128":{"start":{"line":129,"column":0},"end":{"line":129,"column":73}},"129":{"start":{"line":130,"column":0},"end":{"line":130,"column":587}},"130":{"start":{"line":131,"column":0},"end":{"line":131,"column":149}},"131":{"start":{"line":132,"column":0},"end":{"line":132,"column":225}},"132":{"start":{"line":133,"column":0},"end":{"line":133,"column":1}},"133":{"start":{"line":134,"column":0},"end":{"line":134,"column":193}},"134":{"start":{"line":135,"column":0},"end":{"line":135,"column":92}},"135":{"start":{"line":136,"column":0},"end":{"line":136,"column":36}},"136":{"start":{"line":137,"column":0},"end":{"line":137,"column":702}},"137":{"start":{"line":138,"column":0},"end":{"line":138,"column":515}},"138":{"start":{"line":139,"column":0},"end":{"line":139,"column":471}},"139":{"start":{"line":140,"column":0},"end":{"line":140,"column":101}},"140":{"start":{"line":141,"column":0},"end":{"line":141,"column":133}},"141":{"start":{"line":142,"column":0},"end":{"line":142,"column":364}},"142":{"start":{"line":143,"column":0},"end":{"line":143,"column":209}},"143":{"start":{"line":144,"column":0},"end":{"line":144,"column":198}},"144":{"start":{"line":145,"column":0},"end":{"line":145,"column":25}},"145":{"start":{"line":146,"column":0},"end":{"line":146,"column":335}},"146":{"start":{"line":147,"column":0},"end":{"line":147,"column":169}},"147":{"start":{"line":148,"column":0},"end":{"line":148,"column":199}},"148":{"start":{"line":149,"column":0},"end":{"line":149,"column":324}},"149":{"start":{"line":150,"column":0},"end":{"line":150,"column":100}},"150":{"start":{"line":151,"column":0},"end":{"line":151,"column":76}},"151":{"start":{"line":152,"column":0},"end":{"line":152,"column":271}},"152":{"start":{"line":153,"column":0},"end":{"line":153,"column":26}},"153":{"start":{"line":154,"column":0},"end":{"line":154,"column":59}},"154":{"start":{"line":155,"column":0},"end":{"line":155,"column":140}},"155":{"start":{"line":156,"column":0},"end":{"line":156,"column":262}},"156":{"start":{"line":157,"column":0},"end":{"line":157,"column":19}},"157":{"start":{"line":158,"column":0},"end":{"line":158,"column":71}},"158":{"start":{"line":159,"column":0},"end":{"line":159,"column":222}},"159":{"start":{"line":160,"column":0},"end":{"line":160,"column":120}},"160":{"start":{"line":161,"column":0},"end":{"line":161,"column":450}},"161":{"start":{"line":162,"column":0},"end":{"line":162,"column":99}},"162":{"start":{"line":163,"column":0},"end":{"line":163,"column":184}},"163":{"start":{"line":164,"column":0},"end":{"line":164,"column":247}},"164":{"start":{"line":165,"column":0},"end":{"line":165,"column":1470}},"165":{"start":{"line":166,"column":0},"end":{"line":166,"column":174}},"166":{"start":{"line":167,"column":0},"end":{"line":167,"column":644}},"167":{"start":{"line":168,"column":0},"end":{"line":168,"column":12}},"168":{"start":{"line":169,"column":0},"end":{"line":169,"column":254}},"169":{"start":{"line":170,"column":0},"end":{"line":170,"column":401}},"170":{"start":{"line":171,"column":0},"end":{"line":171,"column":135}},"171":{"start":{"line":172,"column":0},"end":{"line":172,"column":96}},"172":{"start":{"line":173,"column":0},"end":{"line":173,"column":307}},"173":{"start":{"line":174,"column":0},"end":{"line":174,"column":25}},"174":{"start":{"line":175,"column":0},"end":{"line":175,"column":100}},"175":{"start":{"line":176,"column":0},"end":{"line":176,"column":41}},"176":{"start":{"line":177,"column":0},"end":{"line":177,"column":110}},"177":{"start":{"line":178,"column":0},"end":{"line":178,"column":583}},"178":{"start":{"line":179,"column":0},"end":{"line":179,"column":252}},"179":{"start":{"line":180,"column":0},"end":{"line":180,"column":283}},"180":{"start":{"line":181,"column":0},"end":{"line":181,"column":109}},"181":{"start":{"line":182,"column":0},"end":{"line":182,"column":171}},"182":{"start":{"line":183,"column":0},"end":{"line":183,"column":520}},"183":{"start":{"line":184,"column":0},"end":{"line":184,"column":4}},"184":{"start":{"line":185,"column":0},"end":{"line":185,"column":218}},"185":{"start":{"line":186,"column":0},"end":{"line":186,"column":583}},"186":{"start":{"line":187,"column":0},"end":{"line":187,"column":0}},"187":{"start":{"line":188,"column":0},"end":{"line":188,"column":105}},"188":{"start":{"line":189,"column":0},"end":{"line":189,"column":257}},"189":{"start":{"line":190,"column":0},"end":{"line":190,"column":115}},"190":{"start":{"line":191,"column":0},"end":{"line":191,"column":216}},"191":{"start":{"line":192,"column":0},"end":{"line":192,"column":81}},"192":{"start":{"line":193,"column":0},"end":{"line":193,"column":77}},"193":{"start":{"line":194,"column":0},"end":{"line":194,"column":88}},"194":{"start":{"line":195,"column":0},"end":{"line":195,"column":407}},"195":{"start":{"line":196,"column":0},"end":{"line":196,"column":433}},"196":{"start":{"line":197,"column":0},"end":{"line":197,"column":96}},"197":{"start":{"line":198,"column":0},"end":{"line":198,"column":201}},"198":{"start":{"line":199,"column":0},"end":{"line":199,"column":46}},"199":{"start":{"line":200,"column":0},"end":{"line":200,"column":270}},"200":{"start":{"line":201,"column":0},"end":{"line":201,"column":688}},"201":{"start":{"line":202,"column":0},"end":{"line":202,"column":584}},"202":{"start":{"line":203,"column":0},"end":{"line":203,"column":190}},"203":{"start":{"line":204,"column":0},"end":{"line":204,"column":215}},"204":{"start":{"line":205,"column":0},"end":{"line":205,"column":44}},"205":{"start":{"line":206,"column":0},"end":{"line":206,"column":58}},"206":{"start":{"line":207,"column":0},"end":{"line":207,"column":233}},"207":{"start":{"line":208,"column":0},"end":{"line":208,"column":657}},"208":{"start":{"line":209,"column":0},"end":{"line":209,"column":748}},"209":{"start":{"line":210,"column":0},"end":{"line":210,"column":803}},"210":{"start":{"line":211,"column":0},"end":{"line":211,"column":417}},"211":{"start":{"line":212,"column":0},"end":{"line":212,"column":166}},"212":{"start":{"line":213,"column":0},"end":{"line":213,"column":160}},"213":{"start":{"line":214,"column":0},"end":{"line":214,"column":24}},"214":{"start":{"line":215,"column":0},"end":{"line":215,"column":190}},"215":{"start":{"line":216,"column":0},"end":{"line":216,"column":184}},"216":{"start":{"line":217,"column":0},"end":{"line":217,"column":213}},"217":{"start":{"line":218,"column":0},"end":{"line":218,"column":739}},"218":{"start":{"line":219,"column":0},"end":{"line":219,"column":10}},"219":{"start":{"line":220,"column":0},"end":{"line":220,"column":132}},"220":{"start":{"line":221,"column":0},"end":{"line":221,"column":9}},"221":{"start":{"line":222,"column":0},"end":{"line":222,"column":133}},"222":{"start":{"line":223,"column":0},"end":{"line":223,"column":1199}},"223":{"start":{"line":224,"column":0},"end":{"line":224,"column":139}},"224":{"start":{"line":225,"column":0},"end":{"line":225,"column":45}},"225":{"start":{"line":226,"column":0},"end":{"line":226,"column":256}},"226":{"start":{"line":227,"column":0},"end":{"line":227,"column":319}},"227":{"start":{"line":228,"column":0},"end":{"line":228,"column":74}},"228":{"start":{"line":229,"column":0},"end":{"line":229,"column":13}},"229":{"start":{"line":230,"column":0},"end":{"line":230,"column":61}},"230":{"start":{"line":231,"column":0},"end":{"line":231,"column":116}},"231":{"start":{"line":232,"column":0},"end":{"line":232,"column":72}},"232":{"start":{"line":233,"column":0},"end":{"line":233,"column":36}},"233":{"start":{"line":234,"column":0},"end":{"line":234,"column":232}},"234":{"start":{"line":235,"column":0},"end":{"line":235,"column":287}},"235":{"start":{"line":236,"column":0},"end":{"line":236,"column":214}},"236":{"start":{"line":237,"column":0},"end":{"line":237,"column":56}},"237":{"start":{"line":238,"column":0},"end":{"line":238,"column":12}},"238":{"start":{"line":239,"column":0},"end":{"line":239,"column":1039}},"239":{"start":{"line":240,"column":0},"end":{"line":240,"column":140}},"240":{"start":{"line":241,"column":0},"end":{"line":241,"column":220}},"241":{"start":{"line":242,"column":0},"end":{"line":242,"column":311}},"242":{"start":{"line":243,"column":0},"end":{"line":243,"column":47}}},"s":{"0":0,"1":0,"2":0,"3":0,"4":0,"5":0,"6":0,"7":0,"8":0,"9":0,"10":0,"11":0,"12":0,"13":0,"14":0,"15":0,"16":0,"17":0,"18":0,"19":0,"20":0,"21":0,"22":0,"23":0,"24":0,"25":0,"26":0,"27":0,"28":0,"29":0,"30":0,"31":0,"32":0,"33":0,"34":0,"35":0,"36":0,"37":0,"38":0,"39":0,"40":0,"41":0,"42":0,"43":0,"44":0,"45":0,"46":0,"47":0,"48":0,"49":0,"50":0,"51":0,"52":0,"53":0,"54":0,"55":0,"56":0,"57":0,"58":0,"59":0,"60":0,"61":0,"62":0,"63":0,"64":0,"65":0,"66":0,"67":0,"68":0,"69":0,"70":0,"71":0,"72":0,"73":0,"74":0,"75":0,"76":0,"77":0,"78":0,"79":0,"80":0,"81":0,"82":0,"83":0,"84":0,"85":0,"86":0,"87":0,"88":0,"89":0,"90":0,"91":0,"92":0,"93":0,"94":0,"95":0,"96":0,"97":0,"98":0,"99":0,"100":0,"101":0,"102":0,"103":0,"104":0,"105":0,"106":0,"107":0,"108":0,"109":0,"110":0,"111":0,"112":0,"113":0,"114":0,"115":0,"116":0,"117":0,"118":0,"119":0,"120":0,"121":0,"122":0,"123":0,"124":0,"125":0,"126":0,"127":0,"128":0,"129":0,"130":0,"131":0,"132":0,"133":0,"134":0,"135":0,"136":0,"137":0,"138":0,"139":0,"140":0,"141":0,"142":0,"143":0,"144":0,"145":0,"146":0,"147":0,"148":0,"149":0,"150":0,"151":0,"152":0,"153":0,"154":0,"155":0,"156":0,"157":0,"158":0,"159":0,"160":0,"161":0,"162":0,"163":0,"164":0,"165":0,"166":0,"167":0,"168":0,"169":0,"170":0,"171":0,"172":0,"173":0,"174":0,"175":0,"176":0,"177":0,"178":0,"179":0,"180":0,"181":0,"182":0,"183":0,"184":0,"185":0,"186":0,"187":0,"188":0,"189":0,"190":0,"191":0,"192":0,"193":0,"194":0,"195":0,"196":0,"197":0,"198":0,"199":0,"200":0,"201":0,"202":0,"203":0,"204":0,"205":0,"206":0,"207":0,"208":0,"209":0,"210":0,"211":0,"212":0,"213":0,"214":0,"215":0,"216":0,"217":0,"218":0,"219":0,"220":0,"221":0,"222":0,"223":0,"224":0,"225":0,"226":0,"227":0,"228":0,"229":0,"230":0,"231":0,"232":0,"233":0,"234":0,"235":0,"236":0,"237":0,"238":0,"239":0,"240":0,"241":0,"242":0},"branchMap":{"0":{"type":"branch","line":1,"loc":{"start":{"line":1,"column":0},"end":{"line":243,"column":47}},"locations":[{"start":{"line":1,"column":0},"end":{"line":243,"column":47}}]}},"b":{"0":[0]},"fnMap":{"0":{"name":"(empty-report)","decl":{"start":{"line":1,"column":0},"end":{"line":243,"column":47}},"loc":{"start":{"line":1,"column":0},"end":{"line":243,"column":47}},"line":1}},"f":{"0":0}}
,"/home/vaibhav/Desktop/term/term/src-tauri/target/release/build/app-bb6db1445b985fdb/out/__global-api-script.js": {"path":"/home/vaibhav/Desktop/term/term/src-tauri/target/release/build/app-bb6db1445b985fdb/out/__global-api-script.js","all":true,"statementMap":{"0":{"start":{"line":1,"column":0},"end":{"line":1,"column":420}}},"s":{"0":0},"branchMap":{"0":{"type":"branch","line":1,"loc":{"start":{"line":1,"column":0},"end":{"line":1,"column":420}},"locations":[{"start":{"line":1,"column":0},"end":{"line":1,"column":420}}]}},"b":{"0":[0]},"fnMap":{"0":{"name":"(empty-report)","decl":{"start":{"line":1,"column":0},"end":{"line":1,"column":420}},"loc":{"start":{"line":1,"column":0},"end":{"line":1,"column":420}},"line":1}},"f":{"0":0}}
,"/home/vaibhav/Desktop/term/term/src-tauri/target/release/build/app-bb6db1445b985fdb/out/tauri-codegen-assets/e00e8de528916f1635e91608973ed3847b3dfc542c2b806683c877efaec9d303.js": {"path":"/home/vaibhav/Desktop/term/term/src-tauri/target/release/build/app-bb6db1445b985fdb/out/tauri-codegen-assets/e00e8de528916f1635e91608973ed3847b3dfc542c2b806683c877efaec9d303.js","all":true,"statementMap":{"0":{"start":{"line":1,"column":0},"end":{"line":1,"column":124}},"1":{"start":{"line":2,"column":0},"end":{"line":2,"column":46}},"2":{"start":{"line":3,"column":0},"end":{"line":3,"column":766}},"3":{"start":{"line":4,"column":0},"end":{"line":4,"column":91}},"4":{"start":{"line":5,"column":0},"end":{"line":5,"column":367}},"5":{"start":{"line":6,"column":0},"end":{"line":6,"column":177}},"6":{"start":{"line":7,"column":0},"end":{"line":7,"column":180}},"7":{"start":{"line":8,"column":0},"end":{"line":8,"column":9}},"8":{"start":{"line":9,"column":0},"end":{"line":9,"column":108}},"9":{"start":{"line":10,"column":0},"end":{"line":10,"column":437}},"10":{"start":{"line":11,"column":0},"end":{"line":11,"column":19}},"11":{"start":{"line":12,"column":0},"end":{"line":12,"column":29}},"12":{"start":{"line":13,"column":0},"end":{"line":13,"column":499}},"13":{"start":{"line":14,"column":0},"end":{"line":14,"column":22}},"14":{"start":{"line":15,"column":0},"end":{"line":15,"column":250}},"15":{"start":{"line":16,"column":0},"end":{"line":16,"column":148}},"16":{"start":{"line":17,"column":0},"end":{"line":17,"column":167}},"17":{"start":{"line":18,"column":0},"end":{"line":18,"column":190}},"18":{"start":{"line":19,"column":0},"end":{"line":19,"column":1302}},"19":{"start":{"line":20,"column":0},"end":{"line":20,"column":310}},"20":{"start":{"line":21,"column":0},"end":{"line":21,"column":74}},"21":{"start":{"line":22,"column":0},"end":{"line":22,"column":330}},"22":{"start":{"line":23,"column":0},"end":{"line":23,"column":139}},"23":{"start":{"line":24,"column":0},"end":{"line":24,"column":157}},"24":{"start":{"line":25,"column":0},"end":{"line":25,"column":408}},"25":{"start":{"line":26,"column":0},"end":{"line":26,"column":248}},"26":{"start":{"line":27,"column":0},"end":{"line":27,"column":971}},"27":{"start":{"line":28,"column":0},"end":{"line":28,"column":135}},"28":{"start":{"line":29,"column":0},"end":{"line":29,"column":190}},"29":{"start":{"line":30,"column":0},"end":{"line":30,"column":53}},"30":{"start":{"line":31,"column":0},"end":{"line":31,"column":22}},"31":{"start":{"line":32,"column":0},"end":{"line":32,"column":902}},"32":{"start":{"line":33,"column":0},"end":{"line":33,"column":174}},"33":{"start":{"line":34,"column":0},"end":{"line":34,"column":454}},"34":{"start":{"line":35,"column":0},"end":{"line":35,"column":5}},"35":{"start":{"line":36,"column":0},"end":{"line":36,"column":433}},"36":{"start":{"line":37,"column":0},"end":{"line":37,"column":47}},"37":{"start":{"line":38,"column":0},"end":{"line":38,"column":133}},"38":{"start":{"line":39,"column":0},"end":{"line":39,"column":291}},"39":{"start":{"line":40,"column":0},"end":{"line":40,"column":162}},"40":{"start":{"line":41,"column":0},"end":{"line":41,"column":425}},"41":{"start":{"line":42,"column":0},"end":{"line":42,"column":195}},"42":{"start":{"line":43,"column":0},"end":{"line":43,"column":172}},"43":{"start":{"line":44,"column":0},"end":{"line":44,"column":6}},"44":{"start":{"line":45,"column":0},"end":{"line":45,"column":145}},"45":{"start":{"line":46,"column":0},"end":{"line":46,"column":42}},"46":{"start":{"line":47,"column":0},"end":{"line":47,"column":255}},"47":{"start":{"line":48,"column":0},"end":{"line":48,"column":413}},"48":{"start":{"line":49,"column":0},"end":{"line":49,"column":180}},"49":{"start":{"line":50,"column":0},"end":{"line":50,"column":110}},"50":{"start":{"line":51,"column":0},"end":{"line":51,"column":553}},"51":{"start":{"line":52,"column":0},"end":{"line":52,"column":72}},"52":{"start":{"line":53,"column":0},"end":{"line":53,"column":115}},"53":{"start":{"line":54,"column":0},"end":{"line":54,"column":126}},"54":{"start":{"line":55,"column":0},"end":{"line":55,"column":252}},"55":{"start":{"line":56,"column":0},"end":{"line":56,"column":339}},"56":{"start":{"line":57,"column":0},"end":{"line":57,"column":98}},"57":{"start":{"line":58,"column":0},"end":{"line":58,"column":892}},"58":{"start":{"line":59,"column":0},"end":{"line":59,"column":614}},"59":{"start":{"line":60,"column":0},"end":{"line":60,"column":113}},"60":{"start":{"line":61,"column":0},"end":{"line":61,"column":376}},"61":{"start":{"line":62,"column":0},"end":{"line":62,"column":159}},"62":{"start":{"line":63,"column":0},"end":{"line":63,"column":416}},"63":{"start":{"line":64,"column":0},"end":{"line":64,"column":263}},"64":{"start":{"line":65,"column":0},"end":{"line":65,"column":6}},"65":{"start":{"line":66,"column":0},"end":{"line":66,"column":156}},"66":{"start":{"line":67,"column":0},"end":{"line":67,"column":275}},"67":{"start":{"line":68,"column":0},"end":{"line":68,"column":317}},"68":{"start":{"line":69,"column":0},"end":{"line":69,"column":203}},"69":{"start":{"line":70,"column":0},"end":{"line":70,"column":286}},"70":{"start":{"line":71,"column":0},"end":{"line":71,"column":217}},"71":{"start":{"line":72,"column":0},"end":{"line":72,"column":389}},"72":{"start":{"line":73,"column":0},"end":{"line":73,"column":89}},"73":{"start":{"line":74,"column":0},"end":{"line":74,"column":126}},"74":{"start":{"line":75,"column":0},"end":{"line":75,"column":82}},"75":{"start":{"line":76,"column":0},"end":{"line":76,"column":55}},"76":{"start":{"line":77,"column":0},"end":{"line":77,"column":471}},"77":{"start":{"line":78,"column":0},"end":{"line":78,"column":224}},"78":{"start":{"line":79,"column":0},"end":{"line":79,"column":9}},"79":{"start":{"line":80,"column":0},"end":{"line":80,"column":94}},"80":{"start":{"line":81,"column":0},"end":{"line":81,"column":95}},"81":{"start":{"line":82,"column":0},"end":{"line":82,"column":3}},"82":{"start":{"line":83,"column":0},"end":{"line":83,"column":47}},"83":{"start":{"line":84,"column":0},"end":{"line":84,"column":205}},"84":{"start":{"line":85,"column":0},"end":{"line":85,"column":236}},"85":{"start":{"line":86,"column":0},"end":{"line":86,"column":346}},"86":{"start":{"line":87,"column":0},"end":{"line":87,"column":1}},"87":{"start":{"line":88,"column":0},"end":{"line":88,"column":3}},"88":{"start":{"line":89,"column":0},"end":{"line":89,"column":540}},"89":{"start":{"line":90,"column":0},"end":{"line":90,"column":66}},"90":{"start":{"line":91,"column":0},"end":{"line":91,"column":192}},"91":{"start":{"line":92,"column":0},"end":{"line":92,"column":66}},"92":{"start":{"line":93,"column":0},"end":{"line":93,"column":56}},"93":{"start":{"line":94,"column":0},"end":{"line":94,"column":72}},"94":{"start":{"line":95,"column":0},"end":{"line":95,"column":272}},"95":{"start":{"line":96,"column":0},"end":{"line":96,"column":491}},"96":{"start":{"line":97,"column":0},"end":{"line":97,"column":82}},"97":{"start":{"line":98,"column":0},"end":{"line":98,"column":13}},"98":{"start":{"line":99,"column":0},"end":{"line":99,"column":54}},"99":{"start":{"line":100,"column":0},"end":{"line":100,"column":43}},"100":{"start":{"line":101,"column":0},"end":{"line":101,"column":262}},"101":{"start":{"line":102,"column":0},"end":{"line":102,"column":928}},"102":{"start":{"line":103,"column":0},"end":{"line":103,"column":454}},"103":{"start":{"line":104,"column":0},"end":{"line":104,"column":269}},"104":{"start":{"line":105,"column":0},"end":{"line":105,"column":186}},"105":{"start":{"line":106,"column":0},"end":{"line":106,"column":375}},"106":{"start":{"line":107,"column":0},"end":{"line":107,"column":268}},"107":{"start":{"line":108,"column":0},"end":{"line":108,"column":19}},"108":{"start":{"line":109,"column":0},"end":{"line":109,"column":320}},"109":{"start":{"line":110,"column":0},"end":{"line":110,"column":237}},"110":{"start":{"line":111,"column":0},"end":{"line":111,"column":315}},"111":{"start":{"line":112,"column":0},"end":{"line":112,"column":25}},"112":{"start":{"line":113,"column":0},"end":{"line":113,"column":82}},"113":{"start":{"line":114,"column":0},"end":{"line":114,"column":201}},"114":{"start":{"line":115,"column":0},"end":{"line":115,"column":67}},"115":{"start":{"line":116,"column":0},"end":{"line":116,"column":17}},"116":{"start":{"line":117,"column":0},"end":{"line":117,"column":55}},"117":{"start":{"line":118,"column":0},"end":{"line":118,"column":90}},"118":{"start":{"line":119,"column":0},"end":{"line":119,"column":298}},"119":{"start":{"line":120,"column":0},"end":{"line":120,"column":67}},"120":{"start":{"line":121,"column":0},"end":{"line":121,"column":68}},"121":{"start":{"line":122,"column":0},"end":{"line":122,"column":35}},"122":{"start":{"line":123,"column":0},"end":{"line":123,"column":110}},"123":{"start":{"line":124,"column":0},"end":{"line":124,"column":18}},"124":{"start":{"line":125,"column":0},"end":{"line":125,"column":114}},"125":{"start":{"line":126,"column":0},"end":{"line":126,"column":316}},"126":{"start":{"line":127,"column":0},"end":{"line":127,"column":224}},"127":{"start":{"line":128,"column":0},"end":{"line":128,"column":79}},"128":{"start":{"line":129,"column":0},"end":{"line":129,"column":148}},"129":{"start":{"line":130,"column":0},"end":{"line":130,"column":25}},"130":{"start":{"line":131,"column":0},"end":{"line":131,"column":27}},"131":{"start":{"line":132,"column":0},"end":{"line":132,"column":537}},"132":{"start":{"line":133,"column":0},"end":{"line":133,"column":104}},"133":{"start":{"line":134,"column":0},"end":{"line":134,"column":248}},"134":{"start":{"line":135,"column":0},"end":{"line":135,"column":76}},"135":{"start":{"line":136,"column":0},"end":{"line":136,"column":222}},"136":{"start":{"line":137,"column":0},"end":{"line":137,"column":123}},"137":{"start":{"line":138,"column":0},"end":{"line":138,"column":448}},"138":{"start":{"line":139,"column":0},"end":{"line":139,"column":331}},"139":{"start":{"line":140,"column":0},"end":{"line":140,"column":346}},"140":{"start":{"line":141,"column":0},"end":{"line":141,"column":66}},"141":{"start":{"line":142,"column":0},"end":{"line":142,"column":815}},"142":{"start":{"line":143,"column":0},"end":{"line":143,"column":132}},"143":{"start":{"line":144,"column":0},"end":{"line":144,"column":1268}},"144":{"start":{"line":145,"column":0},"end":{"line":145,"column":1033}},"145":{"start":{"line":146,"column":0},"end":{"line":146,"column":25}},"146":{"start":{"line":147,"column":0},"end":{"line":147,"column":212}},"147":{"start":{"line":148,"column":0},"end":{"line":148,"column":37}},"148":{"start":{"line":149,"column":0},"end":{"line":149,"column":4}},"149":{"start":{"line":150,"column":0},"end":{"line":150,"column":48}},"150":{"start":{"line":151,"column":0},"end":{"line":151,"column":399}},"151":{"start":{"line":152,"column":0},"end":{"line":152,"column":699}},"152":{"start":{"line":153,"column":0},"end":{"line":153,"column":21}},"153":{"start":{"line":154,"column":0},"end":{"line":154,"column":201}},"154":{"start":{"line":155,"column":0},"end":{"line":155,"column":25}},"155":{"start":{"line":156,"column":0},"end":{"line":156,"column":250}},"156":{"start":{"line":157,"column":0},"end":{"line":157,"column":14}},"157":{"start":{"line":158,"column":0},"end":{"line":158,"column":42}},"158":{"start":{"line":159,"column":0},"end":{"line":159,"column":336}},"159":{"start":{"line":160,"column":0},"end":{"line":160,"column":392}},"160":{"start":{"line":161,"column":0},"end":{"line":161,"column":9}},"161":{"start":{"line":162,"column":0},"end":{"line":162,"column":163}},"162":{"start":{"line":163,"column":0},"end":{"line":163,"column":33}},"163":{"start":{"line":164,"column":0},"end":{"line":164,"column":26}},"164":{"start":{"line":165,"column":0},"end":{"line":165,"column":103}},"165":{"start":{"line":166,"column":0},"end":{"line":166,"column":491}},"166":{"start":{"line":167,"column":0},"end":{"line":167,"column":110}},"167":{"start":{"line":168,"column":0},"end":{"line":168,"column":73}},"168":{"start":{"line":169,"column":0},"end":{"line":169,"column":71}},"169":{"start":{"line":170,"column":0},"end":{"line":170,"column":45}},"170":{"start":{"line":171,"column":0},"end":{"line":171,"column":24}},"171":{"start":{"line":172,"column":0},"end":{"line":172,"column":56}},"172":{"start":{"line":173,"column":0},"end":{"line":173,"column":95}},"173":{"start":{"line":174,"column":0},"end":{"line":174,"column":6}},"174":{"start":{"line":175,"column":0},"end":{"line":175,"column":432}},"175":{"start":{"line":176,"column":0},"end":{"line":176,"column":706}},"176":{"start":{"line":177,"column":0},"end":{"line":177,"column":507}},"177":{"start":{"line":178,"column":0},"end":{"line":178,"column":647}},"178":{"start":{"line":179,"column":0},"end":{"line":179,"column":189}},"179":{"start":{"line":180,"column":0},"end":{"line":180,"column":42}},"180":{"start":{"line":181,"column":0},"end":{"line":181,"column":680}},"181":{"start":{"line":182,"column":0},"end":{"line":182,"column":189}},"182":{"start":{"line":183,"column":0},"end":{"line":183,"column":178}},"183":{"start":{"line":184,"column":0},"end":{"line":184,"column":193}},"184":{"start":{"line":185,"column":0},"end":{"line":185,"column":96}},"185":{"start":{"line":186,"column":0},"end":{"line":186,"column":129}},"186":{"start":{"line":187,"column":0},"end":{"line":187,"column":163}},"187":{"start":{"line":188,"column":0},"end":{"line":188,"column":185}},"188":{"start":{"line":189,"column":0},"end":{"line":189,"column":230}},"189":{"start":{"line":190,"column":0},"end":{"line":190,"column":1041}},"190":{"start":{"line":191,"column":0},"end":{"line":191,"column":551}},"191":{"start":{"line":192,"column":0},"end":{"line":192,"column":97}},"192":{"start":{"line":193,"column":0},"end":{"line":193,"column":390}},"193":{"start":{"line":194,"column":0},"end":{"line":194,"column":869}},"194":{"start":{"line":195,"column":0},"end":{"line":195,"column":0}},"195":{"start":{"line":196,"column":0},"end":{"line":196,"column":250}},"196":{"start":{"line":197,"column":0},"end":{"line":197,"column":58}},"197":{"start":{"line":198,"column":0},"end":{"line":198,"column":507}},"198":{"start":{"line":199,"column":0},"end":{"line":199,"column":115}},"199":{"start":{"line":200,"column":0},"end":{"line":200,"column":114}},"200":{"start":{"line":201,"column":0},"end":{"line":201,"column":15}},"201":{"start":{"line":202,"column":0},"end":{"line":202,"column":93}},"202":{"start":{"line":203,"column":0},"end":{"line":203,"column":88}},"203":{"start":{"line":204,"column":0},"end":{"line":204,"column":402}},"204":{"start":{"line":205,"column":0},"end":{"line":205,"column":24}},"205":{"start":{"line":206,"column":0},"end":{"line":206,"column":14}},"206":{"start":{"line":207,"column":0},"end":{"line":207,"column":141}},"207":{"start":{"line":208,"column":0},"end":{"line":208,"column":147}},"208":{"start":{"line":209,"column":0},"end":{"line":209,"column":11}},"209":{"start":{"line":210,"column":0},"end":{"line":210,"column":31}},"210":{"start":{"line":211,"column":0},"end":{"line":211,"column":271}},"211":{"start":{"line":212,"column":0},"end":{"line":212,"column":27}},"212":{"start":{"line":213,"column":0},"end":{"line":213,"column":116}},"213":{"start":{"line":214,"column":0},"end":{"line":214,"column":472}},"214":{"start":{"line":215,"column":0},"end":{"line":215,"column":253}},"215":{"start":{"line":216,"column":0},"end":{"line":216,"column":564}},"216":{"start":{"line":217,"column":0},"end":{"line":217,"column":298}},"217":{"start":{"line":218,"column":0},"end":{"line":218,"column":851}},"218":{"start":{"line":219,"column":0},"end":{"line":219,"column":52}},"219":{"start":{"line":220,"column":0},"end":{"line":220,"column":169}},"220":{"start":{"line":221,"column":0},"end":{"line":221,"column":365}},"221":{"start":{"line":222,"column":0},"end":{"line":222,"column":172}},"222":{"start":{"line":223,"column":0},"end":{"line":223,"column":87}},"223":{"start":{"line":224,"column":0},"end":{"line":224,"column":777}},"224":{"start":{"line":225,"column":0},"end":{"line":225,"column":160}},"225":{"start":{"line":226,"column":0},"end":{"line":226,"column":22}},"226":{"start":{"line":227,"column":0},"end":{"line":227,"column":242}},"227":{"start":{"line":228,"column":0},"end":{"line":228,"column":618}},"228":{"start":{"line":229,"column":0},"end":{"line":229,"column":92}},"229":{"start":{"line":230,"column":0},"end":{"line":230,"column":184}},"230":{"start":{"line":231,"column":0},"end":{"line":231,"column":76}},"231":{"start":{"line":232,"column":0},"end":{"line":232,"column":322}},"232":{"start":{"line":233,"column":0},"end":{"line":233,"column":680}},"233":{"start":{"line":234,"column":0},"end":{"line":234,"column":53}},"234":{"start":{"line":235,"column":0},"end":{"line":235,"column":78}},"235":{"start":{"line":236,"column":0},"end":{"line":236,"column":45}},"236":{"start":{"line":237,"column":0},"end":{"line":237,"column":638}},"237":{"start":{"line":238,"column":0},"end":{"line":238,"column":389}},"238":{"start":{"line":239,"column":0},"end":{"line":239,"column":1022}},"239":{"start":{"line":240,"column":0},"end":{"line":240,"column":162}},"240":{"start":{"line":241,"column":0},"end":{"line":241,"column":80}},"241":{"start":{"line":242,"column":0},"end":{"line":242,"column":509}},"242":{"start":{"line":243,"column":0},"end":{"line":243,"column":112}},"243":{"start":{"line":244,"column":0},"end":{"line":244,"column":140}},"244":{"start":{"line":245,"column":0},"end":{"line":245,"column":279}},"245":{"start":{"line":246,"column":0},"end":{"line":246,"column":1}},"246":{"start":{"line":247,"column":0},"end":{"line":247,"column":15}},"247":{"start":{"line":248,"column":0},"end":{"line":248,"column":856}},"248":{"start":{"line":249,"column":0},"end":{"line":249,"column":320}},"249":{"start":{"line":250,"column":0},"end":{"line":250,"column":162}},"250":{"start":{"line":251,"column":0},"end":{"line":251,"column":48}},"251":{"start":{"line":252,"column":0},"end":{"line":252,"column":144}}},"s":{"0":0,"1":0,"2":0,"3":0,"4":0,"5":0,"6":0,"7":0,"8":0,"9":0,"10":0,"11":0,"12":0,"13":0,"14":0,"15":0,"16":0,"17":0,"18":0,"19":0,"20":0,"21":0,"22":0,"23":0,"24":0,"25":0,"26":0,"27":0,"28":0,"29":0,"30":0,"31":0,"32":0,"33":0,"34":0,"35":0,"36":0,"37":0,"38":0,"39":0,"40":0,"41":0,"42":0,"43":0,"44":0,"45":0,"46":0,"47":0,"48":0,"49":0,"50":0,"51":0,"52":0,"53":0,"54":0,"55":0,"56":0,"57":0,"58":0,"59":0,"60":0,"61":0,"62":0,"63":0,"64":0,"65":0,"66":0,"67":0,"68":0,"69":0,"70":0,"71":0,"72":0,"73":0,"74":0,"75":0,"76":0,"77":0,"78":0,"79":0,"80":0,"81":0,"82":0,"83":0,"84":0,"85":0,"86":0,"87":0,"88":0,"89":0,"90":0,"91":0,"92":0,"93":0,"94":0,"95":0,"96":0,"97":0,"98":0,"99":0,"100":0,"101":0,"102":0,"103":0,"104":0,"105":0,"106":0,"107":0,"108":0,"109":0,"110":0,"111":0,"112":0,"113":0,"114":0,"115":0,"116":0,"117":0,"118":0,"119":0,"120":0,"121":0,"122":0,"123":0,"124":0,"125":0,"126":0,"127":0,"128":0,"129":0,"130":0,"131":0,"132":0,"133":0,"134":0,"135":0,"136":0,"137":0,"138":0,"139":0,"140":0,"141":0,"142":0,"143":0,"144":0,"145":0,"146":0,"147":0,"148":0,"149":0,"150":0,"151":0,"152":0,"153":0,"154":0,"155":0,"156":0,"157":0,"158":0,"159":0,"160":0,"161":0,"162":0,"163":0,"164":0,"165":0,"166":0,"167":0,"168":0,"169":0,"170":0,"171":0,"172":0,"173":0,"174":0,"175":0,"176":0,"177":0,"178":0,"179":0,"180":0,"181":0,"182":0,"183":0,"184":0,"185":0,"186":0,"187":0,"188":0,"189":0,"190":0,"191":0,"192":0,"193":0,"194":0,"195":0,"196":0,"197":0,"198":0,"199":0,"200":0,"201":0,"202":0,"203":0,"204":0,"205":0,"206":0,"207":0,"208":0,"209":0,"210":0,"211":0,"212":0,"213":0,"214":0,"215":0,"216":0,"217":0,"218":0,"219":0,"220":0,"221":0,"222":0,"223":0,"224":0,"225":0,"226":0,"227":0,"228":0,"229":0,"230":0,"231":0,"232":0,"233":0,"234":0,"235":0,"236":0,"237":0,"238":0,"239":0,"240":0,"241":0,"242":0,"243":0,"244":0,"245":0,"246":0,"247":0,"248":0,"249":0,"250":0,"251":0},"branchMap":{"0":{"type":"branch","line":1,"loc":{"start":{"line":1,"column":0},"end":{"line":252,"column":144}},"locations":[{"start":{"line":1,"column":0},"end":{"line":252,"column":144}}]}},"b":{"0":[0]},"fnMap":{"0":{"name":"(empty-report)","decl":{"start":{"line":1,"column":0},"end":{"line":252,"column":144}},"loc":{"start":{"line":1,"column":0},"end":{"line":252,"column":144}},"line":1}},"f":{"0":0}}
,"/home/vaibhav/Desktop/term/term/src-tauri/target/release/build/app-bb6db1445b985fdb/out/tauri-codegen-assets/e541ba2720fd88eddfa3655c9c48073fd713e83739d0b6e34041571845569a58.js": {"path":"/home/vaibhav/Desktop/term/term/src-tauri/target/release/build/app-bb6db1445b985fdb/out/tauri-codegen-assets/e541ba2720fd88eddfa3655c9c48073fd713e83739d0b6e34041571845569a58.js","all":true,"statementMap":{"0":{"start":{"line":1,"column":0},"end":{"line":1,"column":45}},"1":{"start":{"line":2,"column":0},"end":{"line":2,"column":57}},"2":{"start":{"line":3,"column":0},"end":{"line":3,"column":358}},"3":{"start":{"line":4,"column":0},"end":{"line":4,"column":332}},"4":{"start":{"line":5,"column":0},"end":{"line":5,"column":359}},"5":{"start":{"line":6,"column":0},"end":{"line":6,"column":197}},"6":{"start":{"line":7,"column":0},"end":{"line":7,"column":70}},"7":{"start":{"line":8,"column":0},"end":{"line":8,"column":80}},"8":{"start":{"line":9,"column":0},"end":{"line":9,"column":267}},"9":{"start":{"line":10,"column":0},"end":{"line":10,"column":9}},"10":{"start":{"line":11,"column":0},"end":{"line":11,"column":124}},"11":{"start":{"line":12,"column":0},"end":{"line":12,"column":124}},"12":{"start":{"line":13,"column":0},"end":{"line":13,"column":297}},"13":{"start":{"line":14,"column":0},"end":{"line":14,"column":20}},"14":{"start":{"line":15,"column":0},"end":{"line":15,"column":29}},"15":{"start":{"line":16,"column":0},"end":{"line":16,"column":35}},"16":{"start":{"line":17,"column":0},"end":{"line":17,"column":77}},"17":{"start":{"line":18,"column":0},"end":{"line":18,"column":243}},"18":{"start":{"line":19,"column":0},"end":{"line":19,"column":28}},"19":{"start":{"line":20,"column":0},"end":{"line":20,"column":699}},"20":{"start":{"line":21,"column":0},"end":{"line":21,"column":251}},"21":{"start":{"line":22,"column":0},"end":{"line":22,"column":419}},"22":{"start":{"line":23,"column":0},"end":{"line":23,"column":287}},"23":{"start":{"line":24,"column":0},"end":{"line":24,"column":598}},"24":{"start":{"line":25,"column":0},"end":{"line":25,"column":348}},"25":{"start":{"line":26,"column":0},"end":{"line":26,"column":868}},"26":{"start":{"line":27,"column":0},"end":{"line":27,"column":21}},"27":{"start":{"line":28,"column":0},"end":{"line":28,"column":125}},"28":{"start":{"line":29,"column":0},"end":{"line":29,"column":168}},"29":{"start":{"line":30,"column":0},"end":{"line":30,"column":197}},"30":{"start":{"line":31,"column":0},"end":{"line":31,"column":593}},"31":{"start":{"line":32,"column":0},"end":{"line":32,"column":204}},"32":{"start":{"line":33,"column":0},"end":{"line":33,"column":204}},"33":{"start":{"line":34,"column":0},"end":{"line":34,"column":68}},"34":{"start":{"line":35,"column":0},"end":{"line":35,"column":86}},"35":{"start":{"line":36,"column":0},"end":{"line":36,"column":133}},"36":{"start":{"line":37,"column":0},"end":{"line":37,"column":37}},"37":{"start":{"line":38,"column":0},"end":{"line":38,"column":264}},"38":{"start":{"line":39,"column":0},"end":{"line":39,"column":302}},"39":{"start":{"line":40,"column":0},"end":{"line":40,"column":846}},"40":{"start":{"line":41,"column":0},"end":{"line":41,"column":364}},"41":{"start":{"line":42,"column":0},"end":{"line":42,"column":296}},"42":{"start":{"line":43,"column":0},"end":{"line":43,"column":114}},"43":{"start":{"line":44,"column":0},"end":{"line":44,"column":384}},"44":{"start":{"line":45,"column":0},"end":{"line":45,"column":110}},"45":{"start":{"line":46,"column":0},"end":{"line":46,"column":227}},"46":{"start":{"line":47,"column":0},"end":{"line":47,"column":193}},"47":{"start":{"line":48,"column":0},"end":{"line":48,"column":44}},"48":{"start":{"line":49,"column":0},"end":{"line":49,"column":259}},"49":{"start":{"line":50,"column":0},"end":{"line":50,"column":196}},"50":{"start":{"line":51,"column":0},"end":{"line":51,"column":3}},"51":{"start":{"line":52,"column":0},"end":{"line":52,"column":158}},"52":{"start":{"line":53,"column":0},"end":{"line":53,"column":78}},"53":{"start":{"line":54,"column":0},"end":{"line":54,"column":195}},"54":{"start":{"line":55,"column":0},"end":{"line":55,"column":294}},"55":{"start":{"line":56,"column":0},"end":{"line":56,"column":261}},"56":{"start":{"line":57,"column":0},"end":{"line":57,"column":94}},"57":{"start":{"line":58,"column":0},"end":{"line":58,"column":257}},"58":{"start":{"line":59,"column":0},"end":{"line":59,"column":166}},"59":{"start":{"line":60,"column":0},"end":{"line":60,"column":88}},"60":{"start":{"line":61,"column":0},"end":{"line":61,"column":147}},"61":{"start":{"line":62,"column":0},"end":{"line":62,"column":246}},"62":{"start":{"line":63,"column":0},"end":{"line":63,"column":37}},"63":{"start":{"line":64,"column":0},"end":{"line":64,"column":276}},"64":{"start":{"line":65,"column":0},"end":{"line":65,"column":121}},"65":{"start":{"line":66,"column":0},"end":{"line":66,"column":330}},"66":{"start":{"line":67,"column":0},"end":{"line":67,"column":47}},"67":{"start":{"line":68,"column":0},"end":{"line":68,"column":307}},"68":{"start":{"line":69,"column":0},"end":{"line":69,"column":396}},"69":{"start":{"line":70,"column":0},"end":{"line":70,"column":4}},"70":{"start":{"line":71,"column":0},"end":{"line":71,"column":410}},"71":{"start":{"line":72,"column":0},"end":{"line":72,"column":12}},"72":{"start":{"line":73,"column":0},"end":{"line":73,"column":149}},"73":{"start":{"line":74,"column":0},"end":{"line":74,"column":65}},"74":{"start":{"line":75,"column":0},"end":{"line":75,"column":862}},"75":{"start":{"line":76,"column":0},"end":{"line":76,"column":310}},"76":{"start":{"line":77,"column":0},"end":{"line":77,"column":1550}},"77":{"start":{"line":78,"column":0},"end":{"line":78,"column":471}},"78":{"start":{"line":79,"column":0},"end":{"line":79,"column":59}},"79":{"start":{"line":80,"column":0},"end":{"line":80,"column":141}},"80":{"start":{"line":81,"column":0},"end":{"line":81,"column":1210}},"81":{"start":{"line":82,"column":0},"end":{"line":82,"column":72}},"82":{"start":{"line":83,"column":0},"end":{"line":83,"column":250}},"83":{"start":{"line":84,"column":0},"end":{"line":84,"column":633}},"84":{"start":{"line":85,"column":0},"end":{"line":85,"column":65}},"85":{"start":{"line":86,"column":0},"end":{"line":86,"column":282}},"86":{"start":{"line":87,"column":0},"end":{"line":87,"column":55}},"87":{"start":{"line":88,"column":0},"end":{"line":88,"column":70}},"88":{"start":{"line":89,"column":0},"end":{"line":89,"column":31}},"89":{"start":{"line":90,"column":0},"end":{"line":90,"column":202}},"90":{"start":{"line":91,"column":0},"end":{"line":91,"column":155}},"91":{"start":{"line":92,"column":0},"end":{"line":92,"column":99}},"92":{"start":{"line":93,"column":0},"end":{"line":93,"column":442}},"93":{"start":{"line":94,"column":0},"end":{"line":94,"column":43}},"94":{"start":{"line":95,"column":0},"end":{"line":95,"column":28}},"95":{"start":{"line":96,"column":0},"end":{"line":96,"column":225}},"96":{"start":{"line":97,"column":0},"end":{"line":97,"column":38}},"97":{"start":{"line":98,"column":0},"end":{"line":98,"column":1086}},"98":{"start":{"line":99,"column":0},"end":{"line":99,"column":429}},"99":{"start":{"line":100,"column":0},"end":{"line":100,"column":214}},"100":{"start":{"line":101,"column":0},"end":{"line":101,"column":58}},"101":{"start":{"line":102,"column":0},"end":{"line":102,"column":244}},"102":{"start":{"line":103,"column":0},"end":{"line":103,"column":559}},"103":{"start":{"line":104,"column":0},"end":{"line":104,"column":312}},"104":{"start":{"line":105,"column":0},"end":{"line":105,"column":24}},"105":{"start":{"line":106,"column":0},"end":{"line":106,"column":231}},"106":{"start":{"line":107,"column":0},"end":{"line":107,"column":872}},"107":{"start":{"line":108,"column":0},"end":{"line":108,"column":120}},"108":{"start":{"line":109,"column":0},"end":{"line":109,"column":7}},"109":{"start":{"line":110,"column":0},"end":{"line":110,"column":182}},"110":{"start":{"line":111,"column":0},"end":{"line":111,"column":10}},"111":{"start":{"line":112,"column":0},"end":{"line":112,"column":532}},"112":{"start":{"line":113,"column":0},"end":{"line":113,"column":33}},"113":{"start":{"line":114,"column":0},"end":{"line":114,"column":101}},"114":{"start":{"line":115,"column":0},"end":{"line":115,"column":278}},"115":{"start":{"line":116,"column":0},"end":{"line":116,"column":160}},"116":{"start":{"line":117,"column":0},"end":{"line":117,"column":57}},"117":{"start":{"line":118,"column":0},"end":{"line":118,"column":188}},"118":{"start":{"line":119,"column":0},"end":{"line":119,"column":53}},"119":{"start":{"line":120,"column":0},"end":{"line":120,"column":794}},"120":{"start":{"line":121,"column":0},"end":{"line":121,"column":185}},"121":{"start":{"line":122,"column":0},"end":{"line":122,"column":788}},"122":{"start":{"line":123,"column":0},"end":{"line":123,"column":133}},"123":{"start":{"line":124,"column":0},"end":{"line":124,"column":88}},"124":{"start":{"line":125,"column":0},"end":{"line":125,"column":115}},"125":{"start":{"line":126,"column":0},"end":{"line":126,"column":66}},"126":{"start":{"line":127,"column":0},"end":{"line":127,"column":534}},"127":{"start":{"line":128,"column":0},"end":{"line":128,"column":283}},"128":{"start":{"line":129,"column":0},"end":{"line":129,"column":73}},"129":{"start":{"line":130,"column":0},"end":{"line":130,"column":587}},"130":{"start":{"line":131,"column":0},"end":{"line":131,"column":149}},"131":{"start":{"line":132,"column":0},"end":{"line":132,"column":225}},"132":{"start":{"line":133,"column":0},"end":{"line":133,"column":1}},"133":{"start":{"line":134,"column":0},"end":{"line":134,"column":193}},"134":{"start":{"line":135,"column":0},"end":{"line":135,"column":92}},"135":{"start":{"line":136,"column":0},"end":{"line":136,"column":36}},"136":{"start":{"line":137,"column":0},"end":{"line":137,"column":702}},"137":{"start":{"line":138,"column":0},"end":{"line":138,"column":515}},"138":{"start":{"line":139,"column":0},"end":{"line":139,"column":471}},"139":{"start":{"line":140,"column":0},"end":{"line":140,"column":101}},"140":{"start":{"line":141,"column":0},"end":{"line":141,"column":133}},"141":{"start":{"line":142,"column":0},"end":{"line":142,"column":364}},"142":{"start":{"line":143,"column":0},"end":{"line":143,"column":209}},"143":{"start":{"line":144,"column":0},"end":{"line":144,"column":198}},"144":{"start":{"line":145,"column":0},"end":{"line":145,"column":25}},"145":{"start":{"line":146,"column":0},"end":{"line":146,"column":335}},"146":{"start":{"line":147,"column":0},"end":{"line":147,"column":169}},"147":{"start":{"line":148,"column":0},"end":{"line":148,"column":199}},"148":{"start":{"line":149,"column":0},"end":{"line":149,"column":324}},"149":{"start":{"line":150,"column":0},"end":{"line":150,"column":100}},"150":{"start":{"line":151,"column":0},"end":{"line":151,"column":76}},"151":{"start":{"line":152,"column":0},"end":{"line":152,"column":271}},"152":{"start":{"line":153,"column":0},"end":{"line":153,"column":26}},"153":{"start":{"line":154,"column":0},"end":{"line":154,"column":59}},"154":{"start":{"line":155,"column":0},"end":{"line":155,"column":140}},"155":{"start":{"line":156,"column":0},"end":{"line":156,"column":262}},"156":{"start":{"line":157,"column":0},"end":{"line":157,"column":19}},"157":{"start":{"line":158,"column":0},"end":{"line":158,"column":71}},"158":{"start":{"line":159,"column":0},"end":{"line":159,"column":222}},"159":{"start":{"line":160,"column":0},"end":{"line":160,"column":120}},"160":{"start":{"line":161,"column":0},"end":{"line":161,"column":450}},"161":{"start":{"line":162,"column":0},"end":{"line":162,"column":99}},"162":{"start":{"line":163,"column":0},"end":{"line":163,"column":184}},"163":{"start":{"line":164,"column":0},"end":{"line":164,"column":247}},"164":{"start":{"line":165,"column":0},"end":{"line":165,"column":1470}},"165":{"start":{"line":166,"column":0},"end":{"line":166,"column":174}},"166":{"start":{"line":167,"column":0},"end":{"line":167,"column":644}},"167":{"start":{"line":168,"column":0},"end":{"line":168,"column":12}},"168":{"start":{"line":169,"column":0},"end":{"line":169,"column":254}},"169":{"start":{"line":170,"column":0},"end":{"line":170,"column":401}},"170":{"start":{"line":171,"column":0},"end":{"line":171,"column":135}},"171":{"start":{"line":172,"column":0},"end":{"line":172,"column":96}},"172":{"start":{"line":173,"column":0},"end":{"line":173,"column":307}},"173":{"start":{"line":174,"column":0},"end":{"line":174,"column":25}},"174":{"start":{"line":175,"column":0},"end":{"line":175,"column":100}},"175":{"start":{"line":176,"column":0},"end":{"line":176,"column":41}},"176":{"start":{"line":177,"column":0},"end":{"line":177,"column":110}},"177":{"start":{"line":178,"column":0},"end":{"line":178,"column":583}},"178":{"start":{"line":179,"column":0},"end":{"line":179,"column":252}},"179":{"start":{"line":180,"column":0},"end":{"line":180,"column":283}},"180":{"start":{"line":181,"column":0},"end":{"line":181,"column":109}},"181":{"start":{"line":182,"column":0},"end":{"line":182,"column":171}},"182":{"start":{"line":183,"column":0},"end":{"line":183,"column":520}},"183":{"start":{"line":184,"column":0},"end":{"line":184,"column":4}},"184":{"start":{"line":185,"column":0},"end":{"line":185,"column":218}},"185":{"start":{"line":186,"column":0},"end":{"line":186,"column":583}},"186":{"start":{"line":187,"column":0},"end":{"line":187,"column":0}},"187":{"start":{"line":188,"column":0},"end":{"line":188,"column":105}},"188":{"start":{"line":189,"column":0},"end":{"line":189,"column":257}},"189":{"start":{"line":190,"column":0},"end":{"line":190,"column":115}},"190":{"start":{"line":191,"column":0},"end":{"line":191,"column":216}},"191":{"start":{"line":192,"column":0},"end":{"line":192,"column":81}},"192":{"start":{"line":193,"column":0},"end":{"line":193,"column":77}},"193":{"start":{"line":194,"column":0},"end":{"line":194,"column":88}},"194":{"start":{"line":195,"column":0},"end":{"line":195,"column":407}},"195":{"start":{"line":196,"column":0},"end":{"line":196,"column":433}},"196":{"start":{"line":197,"column":0},"end":{"line":197,"column":96}},"197":{"start":{"line":198,"column":0},"end":{"line":198,"column":201}},"198":{"start":{"line":199,"column":0},"end":{"line":199,"column":46}},"199":{"start":{"line":200,"column":0},"end":{"line":200,"column":270}},"200":{"start":{"line":201,"column":0},"end":{"line":201,"column":688}},"201":{"start":{"line":202,"column":0},"end":{"line":202,"column":584}},"202":{"start":{"line":203,"column":0},"end":{"line":203,"column":190}},"203":{"start":{"line":204,"column":0},"end":{"line":204,"column":215}},"204":{"start":{"line":205,"column":0},"end":{"line":205,"column":44}},"205":{"start":{"line":206,"column":0},"end":{"line":206,"column":58}},"206":{"start":{"line":207,"column":0},"end":{"line":207,"column":233}},"207":{"start":{"line":208,"column":0},"end":{"line":208,"column":657}},"208":{"start":{"line":209,"column":0},"end":{"line":209,"column":748}},"209":{"start":{"line":210,"column":0},"end":{"line":210,"column":803}},"210":{"start":{"line":211,"column":0},"end":{"line":211,"column":417}},"211":{"start":{"line":212,"column":0},"end":{"line":212,"column":166}},"212":{"start":{"line":213,"column":0},"end":{"line":213,"column":160}},"213":{"start":{"line":214,"column":0},"end":{"line":214,"column":24}},"214":{"start":{"line":215,"column":0},"end":{"line":215,"column":190}},"215":{"start":{"line":216,"column":0},"end":{"line":216,"column":184}},"216":{"start":{"line":217,"column":0},"end":{"line":217,"column":213}},"217":{"start":{"line":218,"column":0},"end":{"line":218,"column":739}},"218":{"start":{"line":219,"column":0},"end":{"line":219,"column":10}},"219":{"start":{"line":220,"column":0},"end":{"line":220,"column":132}},"220":{"start":{"line":221,"column":0},"end":{"line":221,"column":9}},"221":{"start":{"line":222,"column":0},"end":{"line":222,"column":133}},"222":{"start":{"line":223,"column":0},"end":{"line":223,"column":1199}},"223":{"start":{"line":224,"column":0},"end":{"line":224,"column":139}},"224":{"start":{"line":225,"column":0},"end":{"line":225,"column":45}},"225":{"start":{"line":226,"column":0},"end":{"line":226,"column":256}},"226":{"start":{"line":227,"column":0},"end":{"line":227,"column":319}},"227":{"start":{"line":228,"column":0},"end":{"line":228,"column":74}},"228":{"start":{"line":229,"column":0},"end":{"line":229,"column":13}},"229":{"start":{"line":230,"column":0},"end":{"line":230,"column":61}},"230":{"start":{"line":231,"column":0},"end":{"line":231,"column":116}},"231":{"start":{"line":232,"column":0},"end":{"line":232,"column":72}},"232":{"start":{"line":233,"column":0},"end":{"line":233,"column":36}},"233":{"start":{"line":234,"column":0},"end":{"line":234,"column":232}},"234":{"start":{"line":235,"column":0},"end":{"line":235,"column":287}},"235":{"start":{"line":236,"column":0},"end":{"line":236,"column":214}},"236":{"start":{"line":237,"column":0},"end":{"line":237,"column":56}},"237":{"start":{"line":238,"column":0},"end":{"line":238,"column":12}},"238":{"start":{"line":239,"column":0},"end":{"line":239,"column":1039}},"239":{"start":{"line":240,"column":0},"end":{"line":240,"column":140}},"240":{"start":{"line":241,"column":0},"end":{"line":241,"column":220}},"241":{"start":{"line":242,"column":0},"end":{"line":242,"column":311}},"242":{"start":{"line":243,"column":0},"end":{"line":243,"column":47}}},"s":{"0":0,"1":0,"2":0,"3":0,"4":0,"5":0,"6":0,"7":0,"8":0,"9":0,"10":0,"11":0,"12":0,"13":0,"14":0,"15":0,"16":0,"17":0,"18":0,"19":0,"20":0,"21":0,"22":0,"23":0,"24":0,"25":0,"26":0,"27":0,"28":0,"29":0,"30":0,"31":0,"32":0,"33":0,"34":0,"35":0,"36":0,"37":0,"38":0,"39":0,"40":0,"41":0,"42":0,"43":0,"44":0,"45":0,"46":0,"47":0,"48":0,"49":0,"50":0,"51":0,"52":0,"53":0,"54":0,"55":0,"56":0,"57":0,"58":0,"59":0,"60":0,"61":0,"62":0,"63":0,"64":0,"65":0,"66":0,"67":0,"68":0,"69":0,"70":0,"71":0,"72":0,"73":0,"74":0,"75":0,"76":0,"77":0,"78":0,"79":0,"80":0,"81":0,"82":0,"83":0,"84":0,"85":0,"86":0,"87":0,"88":0,"89":0,"90":0,"91":0,"92":0,"93":0,"94":0,"95":0,"96":0,"97":0,"98":0,"99":0,"100":0,"101":0,"102":0,"103":0,"104":0,"105":0,"106":0,"107":0,"108":0,"109":0,"110":0,"111":0,"112":0,"113":0,"114":0,"115":0,"116":0,"117":0,"118":0,"119":0,"120":0,"121":0,"122":0,"123":0,"124":0,"125":0,"126":0,"127":0,"128":0,"129":0,"130":0,"131":0,"132":0,"133":0,"134":0,"135":0,"136":0,"137":0,"138":0,"139":0,"140":0,"141":0,"142":0,"143":0,"144":0,"145":0,"146":0,"147":0,"148":0,"149":0,"150":0,"151":0,"152":0,"153":0,"154":0,"155":0,"156":0,"157":0,"158":0,"159":0,"160":0,"161":0,"162":0,"163":0,"164":0,"165":0,"166":0,"167":0,"168":0,"169":0,"170":0,"171":0,"172":0,"173":0,"174":0,"175":0,"176":0,"177":0,"178":0,"179":0,"180":0,"181":0,"182":0,"183":0,"184":0,"185":0,"186":0,"187":0,"188":0,"189":0,"190":0,"191":0,"192":0,"193":0,"194":0,"195":0,"196":0,"197":0,"198":0,"199":0,"200":0,"201":0,"202":0,"203":0,"204":0,"205":0,"206":0,"207":0,"208":0,"209":0,"210":0,"211":0,"212":0,"213":0,"214":0,"215":0,"216":0,"217":0,"218":0,"219":0,"220":0,"221":0,"222":0,"223":0,"224":0,"225":0,"226":0,"227":0,"228":0,"229":0,"230":0,"231":0,"232":0,"233":0,"234":0,"235":0,"236":0,"237":0,"238":0,"239":0,"240":0,"241":0,"242":0},"branchMap":{"0":{"type":"branch","line":1,"loc":{"start":{"line":1,"column":0},"end":{"line":243,"column":47}},"locations":[{"start":{"line":1,"column":0},"end":{"line":243,"column":47}}]}},"b":{"0":[0]},"fnMap":{"0":{"name":"(empty-report)","decl":{"start":{"line":1,"column":0},"end":{"line":243,"column":47}},"loc":{"start":{"line":1,"column":0},"end":{"line":243,"column":47}},"line":1}},"f":{"0":0}}
,"/home/vaibhav/Desktop/term/term/src/components/PasswordDialog.tsx": {"path":"/home/vaibhav/Desktop/term/term/src/components/PasswordDialog.tsx","all":false,"statementMap":{"0":{"start":{"line":1,"column":0},"end":{"line":1,"column":59}},"9":{"start":{"line":10,"column":0},"end":{"line":10,"column":103}},"10":{"start":{"line":11,"column":0},"end":{"line":11,"column":49}},"11":{"start":{"line":12,"column":0},"end":{"line":12,"column":60}},"12":{"start":{"line":13,"column":0},"end":{"line":13,"column":55}},"14":{"start":{"line":15,"column":0},"end":{"line":15,"column":21}},"15":{"start":{"line":16,"column":0},"end":{"line":16,"column":44}},"16":{"start":{"line":17,"column":0},"end":{"line":17,"column":40}},"17":{"start":{"line":18,"column":0},"end":{"line":18,"column":9}},"19":{"start":{"line":20,"column":0},"end":{"line":20,"column":21}},"20":{"start":{"line":21,"column":0},"end":{"line":21,"column":28}},"21":{"start":{"line":22,"column":0},"end":{"line":22,"column":35}},"22":{"start":{"line":23,"column":0},"end":{"line":23,"column":9}},"23":{"start":{"line":24,"column":0},"end":{"line":24,"column":17}},"25":{"start":{"line":26,"column":0},"end":{"line":26,"column":50}},"26":{"start":{"line":27,"column":0},"end":{"line":27,"column":27}},"28":{"start":{"line":29,"column":0},"end":{"line":29,"column":31}},"29":{"start":{"line":30,"column":0},"end":{"line":30,"column":19}},"30":{"start":{"line":31,"column":0},"end":{"line":31,"column":9}},"31":{"start":{"line":32,"column":0},"end":{"line":32,"column":30}},"32":{"start":{"line":33,"column":0},"end":{"line":33,"column":27}},"33":{"start":{"line":34,"column":0},"end":{"line":34,"column":6}},"35":{"start":{"line":36,"column":0},"end":{"line":36,"column":29}},"37":{"start":{"line":38,"column":0},"end":{"line":38,"column":12}},"38":{"start":{"line":39,"column":0},"end":{"line":39,"column":100}},"39":{"start":{"line":40,"column":0},"end":{"line":40,"column":105}},"40":{"start":{"line":41,"column":0},"end":{"line":41,"column":56}},"41":{"start":{"line":42,"column":0},"end":{"line":42,"column":73}},"42":{"start":{"line":43,"column":0},"end":{"line":43,"column":149}},"43":{"start":{"line":44,"column":0},"end":{"line":44,"column":202}},"44":{"start":{"line":45,"column":0},"end":{"line":45,"column":30}},"45":{"start":{"line":46,"column":0},"end":{"line":46,"column":26}},"46":{"start":{"line":47,"column":0},"end":{"line":47,"column":103}},"47":{"start":{"line":48,"column":0},"end":{"line":48,"column":22}},"49":{"start":{"line":50,"column":0},"end":{"line":50,"column":50}},"51":{"start":{"line":52,"column":0},"end":{"line":52,"column":20}},"52":{"start":{"line":53,"column":0},"end":{"line":53,"column":111}},"53":{"start":{"line":54,"column":0},"end":{"line":54,"column":33}},"54":{"start":{"line":55,"column":0},"end":{"line":55,"column":22}},"56":{"start":{"line":57,"column":0},"end":{"line":57,"column":46}},"57":{"start":{"line":58,"column":0},"end":{"line":58,"column":42}},"58":{"start":{"line":59,"column":0},"end":{"line":59,"column":104}},"59":{"start":{"line":60,"column":0},"end":{"line":60,"column":30}},"60":{"start":{"line":61,"column":0},"end":{"line":61,"column":45}},"61":{"start":{"line":62,"column":0},"end":{"line":62,"column":43}},"62":{"start":{"line":63,"column":0},"end":{"line":63,"column":41}},"63":{"start":{"line":64,"column":0},"end":{"line":64,"column":44}},"64":{"start":{"line":65,"column":0},"end":{"line":65,"column":73}},"65":{"start":{"line":66,"column":0},"end":{"line":66,"column":162}},"66":{"start":{"line":67,"column":0},"end":{"line":67,"column":61}},"67":{"start":{"line":68,"column":0},"end":{"line":68,"column":51}},"68":{"start":{"line":69,"column":0},"end":{"line":69,"column":26}},"69":{"start":{"line":70,"column":0},"end":{"line":70,"column":66}},"71":{"start":{"line":72,"column":0},"end":{"line":72,"column":28}},"72":{"start":{"line":73,"column":0},"end":{"line":73,"column":26}},"74":{"start":{"line":75,"column":0},"end":{"line":75,"column":64}},"75":{"start":{"line":76,"column":0},"end":{"line":76,"column":31}},"76":{"start":{"line":77,"column":0},"end":{"line":77,"column":41}},"77":{"start":{"line":78,"column":0},"end":{"line":78,"column":45}},"78":{"start":{"line":79,"column":0},"end":{"line":79,"column":51}},"79":{"start":{"line":80,"column":0},"end":{"line":80,"column":152}},"80":{"start":{"line":81,"column":0},"end":{"line":81,"column":35}},"81":{"start":{"line":82,"column":0},"end":{"line":82,"column":25}},"83":{"start":{"line":84,"column":0},"end":{"line":84,"column":33}},"84":{"start":{"line":85,"column":0},"end":{"line":85,"column":31}},"85":{"start":{"line":86,"column":0},"end":{"line":86,"column":41}},"86":{"start":{"line":87,"column":0},"end":{"line":87,"column":71}},"87":{"start":{"line":88,"column":0},"end":{"line":88,"column":202}},"88":{"start":{"line":89,"column":0},"end":{"line":89,"column":35}},"90":{"start":{"line":91,"column":0},"end":{"line":91,"column":45}},"91":{"start":{"line":92,"column":0},"end":{"line":92,"column":34}},"92":{"start":{"line":93,"column":0},"end":{"line":93,"column":156}},"94":{"start":{"line":95,"column":0},"end":{"line":95,"column":35}},"96":{"start":{"line":97,"column":0},"end":{"line":97,"column":40}},"98":{"start":{"line":99,"column":0},"end":{"line":99,"column":33}},"99":{"start":{"line":100,"column":0},"end":{"line":100,"column":26}},"100":{"start":{"line":101,"column":0},"end":{"line":101,"column":23}},"101":{"start":{"line":102,"column":0},"end":{"line":102,"column":18}},"102":{"start":{"line":103,"column":0},"end":{"line":103,"column":14}},"104":{"start":{"line":105,"column":0},"end":{"line":105,"column":2}},"106":{"start":{"line":107,"column":0},"end":{"line":107,"column":30}}},"s":{"0":1,"9":1,"10":9,"11":9,"12":9,"14":9,"15":6,"16":3,"17":3,"19":6,"20":3,"21":3,"22":3,"23":9,"25":9,"26":1,"28":1,"29":0,"30":0,"31":1,"32":1,"33":1,"35":9,"37":6,"38":6,"39":6,"40":6,"41":6,"42":6,"43":6,"44":6,"45":6,"46":6,"47":6,"49":6,"51":6,"52":6,"53":6,"54":6,"56":6,"57":6,"58":6,"59":6,"60":6,"61":6,"62":6,"63":6,"64":6,"65":6,"66":6,"67":6,"68":6,"69":6,"71":6,"72":6,"74":6,"75":6,"76":6,"77":6,"78":6,"79":9,"80":9,"81":9,"83":9,"84":9,"85":9,"86":9,"87":9,"88":9,"90":9,"91":1,"92":1,"94":1,"96":5,"98":9,"99":9,"100":9,"101":9,"102":9,"104":9,"106":1},"branchMap":{"0":{"type":"branch","line":10,"loc":{"start":{"line":10,"column":54},"end":{"line":105,"column":2}},"locations":[{"start":{"line":10,"column":54},"end":{"line":105,"column":2}}]},"1":{"type":"branch","line":36,"loc":{"start":{"line":36,"column":17},"end":{"line":36,"column":29}},"locations":[{"start":{"line":36,"column":17},"end":{"line":36,"column":29}}]},"2":{"type":"branch","line":36,"loc":{"start":{"line":36,"column":24},"end":{"line":80,"column":150}},"locations":[{"start":{"line":36,"column":24},"end":{"line":80,"column":150}}]},"3":{"type":"branch","line":80,"loc":{"start":{"line":80,"column":101},"end":{"line":80,"column":150}},"locations":[{"start":{"line":80,"column":101},"end":{"line":80,"column":150}}]},"4":{"type":"branch","line":80,"loc":{"start":{"line":80,"column":116},"end":{"line":80,"column":152}},"locations":[{"start":{"line":80,"column":116},"end":{"line":80,"column":152}}]},"5":{"type":"branch","line":87,"loc":{"start":{"line":87,"column":38},"end":{"line":87,"column":71}},"locations":[{"start":{"line":87,"column":38},"end":{"line":87,"column":71}}]},"6":{"type":"branch","line":88,"loc":{"start":{"line":88,"column":131},"end":{"line":88,"column":166}},"locations":[{"start":{"line":88,"column":131},"end":{"line":88,"column":166}}]},"7":{"type":"branch","line":88,"loc":{"start":{"line":88,"column":162},"end":{"line":88,"column":200}},"locations":[{"start":{"line":88,"column":162},"end":{"line":88,"column":200}}]},"8":{"type":"branch","line":88,"loc":{"start":{"line":88,"column":166},"end":{"line":88,"column":202}},"locations":[{"start":{"line":88,"column":166},"end":{"line":88,"column":202}}]},"9":{"type":"branch","line":91,"loc":{"start":{"line":91,"column":29},"end":{"line":95,"column":35}},"locations":[{"start":{"line":91,"column":29},"end":{"line":95,"column":35}}]},"10":{"type":"branch","line":95,"loc":{"start":{"line":95,"column":32},"end":{"line":97,"column":40}},"locations":[{"start":{"line":95,"column":32},"end":{"line":97,"column":40}}]},"11":{"type":"branch","line":15,"loc":{"start":{"line":15,"column":14},"end":{"line":24,"column":7}},"locations":[{"start":{"line":15,"column":14},"end":{"line":24,"column":7}}]},"12":{"type":"branch","line":16,"loc":{"start":{"line":16,"column":12},"end":{"line":16,"column":43}},"locations":[{"start":{"line":16,"column":12},"end":{"line":16,"column":43}}]},"13":{"type":"branch","line":16,"loc":{"start":{"line":16,"column":43},"end":{"line":18,"column":9}},"locations":[{"start":{"line":16,"column":43},"end":{"line":18,"column":9}}]},"14":{"type":"branch","line":20,"loc":{"start":{"line":20,"column":20},"end":{"line":23,"column":9}},"locations":[{"start":{"line":20,"column":20},"end":{"line":23,"column":9}}]},"15":{"type":"branch","line":26,"loc":{"start":{"line":26,"column":25},"end":{"line":34,"column":6}},"locations":[{"start":{"line":26,"column":25},"end":{"line":34,"column":6}}]},"16":{"type":"branch","line":29,"loc":{"start":
[...]
nd":{"line":122,"column":41}},"122":{"start":{"line":123,"column":0},"end":{"line":123,"column":76}},"125":{"start":{"line":126,"column":0},"end":{"line":126,"column":28}},"126":{"start":{"line":127,"column":0},"end":{"line":127,"column":83}},"127":{"start":{"line":128,"column":0},"end":{"line":128,"column":34}},"128":{"start":{"line":129,"column":0},"end":{"line":129,"column":3}},"130":{"start":{"line":131,"column":0},"end":{"line":131,"column":20}},"131":{"start":{"line":132,"column":0},"end":{"line":132,"column":58}},"132":{"start":{"line":133,"column":0},"end":{"line":133,"column":58}},"133":{"start":{"line":134,"column":0},"end":{"line":134,"column":6}},"135":{"start":{"line":136,"column":0},"end":{"line":136,"column":38}},"136":{"start":{"line":137,"column":0},"end":{"line":137,"column":42}},"137":{"start":{"line":138,"column":0},"end":{"line":138,"column":16}},"138":{"start":{"line":139,"column":0},"end":{"line":139,"column":40}},"139":{"start":{"line":140,"column":0},"end":{"line":140,"column":42}},"140":{"start":{"line":141,"column":0},"end":{"line":141,"column":10}},"141":{"start":{"line":142,"column":0},"end":{"line":142,"column":7}},"143":{"start":{"line":144,"column":0},"end":{"line":144,"column":62}},"144":{"start":{"line":145,"column":0},"end":{"line":145,"column":50}},"145":{"start":{"line":146,"column":0},"end":{"line":146,"column":16}},"146":{"start":{"line":147,"column":0},"end":{"line":147,"column":40}},"147":{"start":{"line":148,"column":0},"end":{"line":148,"column":36}},"148":{"start":{"line":149,"column":0},"end":{"line":149,"column":10}},"149":{"start":{"line":150,"column":0},"end":{"line":150,"column":7}},"151":{"start":{"line":152,"column":0},"end":{"line":152,"column":47}},"152":{"start":{"line":153,"column":0},"end":{"line":153,"column":5}},"153":{"start":{"line":154,"column":0},"end":{"line":154,"column":3}},"156":{"start":{"line":157,"column":0},"end":{"line":157,"column":74}},"158":{"start":{"line":159,"column":0},"end":{"line":159,"column":7}},"159":{"start":{"line":160,"column":0},"end":{"line":160,"column":30}},"160":{"start":{"line":161,"column":0},"end":{"line":161,"column":34}},"161":{"start":{"line":162,"column":0},"end":{"line":162,"column":42}},"162":{"start":{"line":163,"column":0},"end":{"line":163,"column":5}},"164":{"start":{"line":165,"column":0},"end":{"line":165,"column":87}},"166":{"start":{"line":167,"column":0},"end":{"line":167,"column":48}},"167":{"start":{"line":168,"column":0},"end":{"line":168,"column":43}},"168":{"start":{"line":169,"column":0},"end":{"line":169,"column":57}},"170":{"start":{"line":171,"column":0},"end":{"line":171,"column":74}},"171":{"start":{"line":172,"column":0},"end":{"line":172,"column":41}},"173":{"start":{"line":174,"column":0},"end":{"line":174,"column":63}},"174":{"start":{"line":175,"column":0},"end":{"line":175,"column":7}},"176":{"start":{"line":177,"column":0},"end":{"line":177,"column":65}},"178":{"start":{"line":179,"column":0},"end":{"line":179,"column":35}},"179":{"start":{"line":180,"column":0},"end":{"line":180,"column":14}},"180":{"start":{"line":181,"column":0},"end":{"line":181,"column":33}},"181":{"start":{"line":182,"column":0},"end":{"line":182,"column":52}},"182":{"start":{"line":183,"column":0},"end":{"line":183,"column":8}},"183":{"start":{"line":184,"column":0},"end":{"line":184,"column":5}},"185":{"start":{"line":186,"column":0},"end":{"line":186,"column":33}},"186":{"start":{"line":187,"column":0},"end":{"line":187,"column":57}},"187":{"start":{"line":188,"column":0},"end":{"line":188,"column":48}},"188":{"start":{"line":189,"column":0},"end":{"line":189,"column":16}},"189":{"start":{"line":190,"column":0},"end":{"line":190,"column":35}},"190":{"start":{"line":191,"column":0},"end":{"line":191,"column":53}},"191":{"start":{"line":192,"column":0},"end":{"line":192,"column":10}},"192":{"start":{"line":193,"column":0},"end":{"line":193,"column":7}},"194":{"start":{"line":195,"column":0},"end":{"line":195,"column":42}},"195":{"start":{"line":196,"column":0},"end":{"line":196,"column":5}},"196":{"start":{"line":197,"column":0},"end":{"line":197,"column":19}},"197":{"start":{"line":198,"column":0},"end":{"line":198,"column":56}},"198":{"start":{"line":199,"column":0},"end":{"line":199,"column":3}},"200":{"start":{"line":201,"column":0},"end":{"line":201,"column":29}},"201":{"start":{"line":202,"column":0},"end":{"line":202,"column":1}}},"s":{"0":1,"3":1,"4":1,"5":1,"6":1,"7":1,"8":1,"9":1,"10":1,"11":1,"12":1,"13":1,"14":1,"15":1,"16":1,"17":1,"18":1,"19":1,"24":2,"25":2,"26":2,"27":2,"28":0,"29":0,"30":0,"31":2,"36":2,"37":2,"38":2,"39":2,"40":2,"41":0,"42":0,"47":30,"48":30,"49":2,"50":2,"51":0,"52":0,"53":0,"54":0,"55":0,"56":2,"57":2,"58":2,"59":2,"60":2,"61":2,"62":2,"63":2,"64":28,"65":8,"66":8,"67":8,"68":8,"69":8,"70":8,"71":8,"72":20,"73":20,"74":20,"75":20,"76":20,"77":20,"78":20,"79":30,"90":15,"91":15,"92":15,"94":15,"95":15,"96":131,"97":131,"98":131,"99":670,"100":670,"101":131,"102":655,"103":655,"104":131,"105":131,"106":131,"108":15,"109":15,"114":53,"115":53,"116":3,"117":3,"119":50,"120":50,"121":50,"122":50,"125":53,"126":14,"127":14,"128":14,"130":53,"131":9,"132":1008,"133":9,"135":9,"136":6,"137":5,"138":5,"139":5,"140":5,"141":5,"143":1,"144":6,"145":0,"146":0,"147":0,"148":0,"149":0,"151":1,"152":1,"153":9,"156":30,"158":30,"159":30,"160":53,"161":2,"162":2,"164":30,"166":27,"167":2052,"168":2052,"170":2052,"171":2052,"173":2052,"174":27,"176":27,"178":53,"179":5,"180":5,"181":5,"182":5,"183":5,"185":53,"186":14,"187":14,"188":12,"189":12,"190":12,"191":12,"192":12,"194":2,"195":2,"196":53,"197":4,"198":4,"200":11,"201":11},"branchMap":{"0":{"type":"branch","line":25,"loc":{"start":{"line":25,"column":0},"end":{"line":32,"column":1}},"locations":[{"start":{"line":25,"column":0},"end":{"line":32,"column":1}}]},"1":{"type":"branch","line":28,"loc":{"start":{"line":28,"column":2},"end":{"line":31,"column":3}},"locations":[{"start":{"line":28,"column":2},"end":{"line":31,"column":3}}]},"2":{"type":"branch","line":37,"loc":{"start":{"line":37,"column":0},"end":{"line":43,"column":1}},"locations":[{"start":{"line":37,"column":0},"end":{"line":43,"column":1}}]},"3":{"type":"branch","line":41,"loc":{"start":{"line":41,"column":2},"end":{"line":43,"column":1}},"locations":[{"start":{"line":41,"column":2},"end":{"line":43,"column":1}}]},"4":{"type":"branch","line":48,"loc":{"start":{"line":48,"column":0},"end":{"line":80,"column":1}},"locations":[{"start":{"line":48,"column":0},"end":{"line":80,"column":1}}]},"5":{"type":"branch","line":49,"loc":{"start":{"line":49,"column":29},"end":{"line":64,"column":3}},"locations":[{"start":{"line":49,"column":29},"end":{"line":64,"column":3}}]},"6":{"type":"branch","line":51,"loc":{"start":{"line":51,"column":30},"end":{"line":57,"column":11}},"locations":[{"start":{"line":51,"column":30},"end":{"line":57,"column":11}}]},"7":{"type":"branch","line":64,"loc":{"start":{"line":64,"column":2},"end":{"line":79,"column":3}},"locations":[{"start":{"line":64,"column":2},"end":{"line":79,"column":3}}]},"8":{"type":"branch","line":65,"loc":{"start":{"line":65,"column":32},"end":{"line":72,"column":3}},"locations":[{"start":{"line":65,"column":32},"end":{"line":72,"column":3}}]},"9":{"type":"branch","line":68,"loc":{"start":{"line":68,"column":52},"end":{"line":68,"column":61}},"locations":[{"start":{"line":68,"column":52},"end":{"line":68,"column":61}}]},"10":{"type":"branch","line":72,"loc":{"start":{"line":72,"column":2},"end":{"line":79,"column":3}},"locations":[{"start":{"line":72,"column":2},"end":{"line":79,"column":3}}]},"11":{"type":"branch","line":91,"loc":{"start":{"line":91,"column":0},"end":{"line":110,"column":1}},"locations":[{"start":{"line":91,"column":0},"end":{"line":110,"column":1}}]},"12":{"type":"branch","line":92,"loc":{"start":{"line":92,"column":28},"end":{"line":92,"column":38}},"locations":[{"start":{"line":92,"column":28},"end":{"line":92,"column":38}}]},"13":{"type":"branch","line":93,"loc":{"start":{"line":93,"column":28},"end":{"line":93,"column":46}},"locations":[{"start":{"line":93,"column":28},"end":{"line":93,"column":46}}]},"14":{"type":"branch","line":96,"loc":{"start":{"line":96,"column":43},"end":{"line":107,"column":3}},"locations":[{"start":{"line":96,"column":43},"end":{"line":107,"column":3}}]},"15":{"type":"branch","line":99,"loc":{"start":{"line":99,"column":17},"end":{"line":100,"column":30}},"locations":[{"start":{"line":99,"column":17},"end":{"line":100,"column":30}}]},"16":{"type":"branch","line":100,"loc":{"start":{"line":100,"column":21},"end":{"line":101,"column":61}},"locations":[{"start":{"line":100,"column":21},"end":{"line":101,"column":61}}]},"17":{"type":"branch","line":102,"loc":{"start":{"line":102,"column":6},"end":{"line":104,"column":5}},"locations":[{"start":{"line":102,"column":6},"end":{"line":104,"column":5}}]},"18":{"type":"branch","line":106,"loc":{"start":{"line":106,"column":23},"end":{"line":106,"column":29}},"locations":[{"start":{"line":106,"column":23},"end":{"line":106,"column":29}}]},"19":{"type":"branch","line":115,"loc":{"start":{"line":115,"column":0},"end":{"line":202,"column":1}},"locations":[{"start":{"line":115,"column":0},"end":{"line":202,"column":1}}]},"20":{"type":"branch","line":116,"loc":{"start":{"line":116,"column":21},"end":{"line":118,"column":3}},"locations":[{"start":{"line":116,"column":21},"end":{"line":118,"column":3}}]},"21":{"type":"branch","line":118,"loc":{"start":{"line":118,"column":2},"end":{"line":126,"column":27}},"locations":[{"start":{"line":118,"column":2},"end":{"line":126,"column":27}}]},"22":{"type":"branch","line":126,"loc":{"start":{"line":126,"column":27},"end":{"line":129,"column":3}},"locations":[{"start":{"line":126,"column":27},"end":{"line":129,"column":3}}]},"23":{"type":"branch","line":129,"loc":{"start":{"line":129,"column":2},"end":{"line":131,"column":19}},"locations":[{"start":{"line":129,"column":2},"end":{"line":131,"column":19}}]},"24":{"type":"branch","line":131,"loc":{"start":{"line":131,"column":19},"end":{"line":154,"column":3}},"locations":[{"start":{"line":131,"column":19},"end":{"line":154,"column":3}}]},"25":{"type":"branch","line":136,"loc":{"start":{"line":136,"column":37},"end":{"line":153,"column":5}},"locations":[{"start":{"line":136,"column":37},"end":{"line":153,"column":5}}]},"26":{"type":"branch","line":137,"loc":{"start":{"line":137,"column":41},"end":{"line":142,"column":7}},"locations":[{"start":{"line":137,"column":41},"end":{"line":142,"column":7}}]},"27":{"type":"branch","line":142,"loc":{"start":{"line":142,"column":6},"end":{"line":145,"column":49}},"locations":[{"start":{"line":142,"column":6},"end":{"line":145,"column":49}}]},"28":{"type":"branch","line":145,"loc":{"start":{"line":145,"column":49},"end":{"line":150,"column":7}},"locations":[{"start":{"line":145,"column":49},"end":{"line":150,"column":7}}]},"29":{"type":"branch","line":150,"loc":{"start":{"line":150,"column":6},"end":{"line":153,"column":5}},"locations":[{"start":{"line":150,"column":6},"end":{"line":153,"column":5}}]},"30":{"type":"branch","line":154,"loc":{"start":{"line":154,"column":2},"end":{"line":161,"column":33}},"locations":[{"start":{"line":154,"column":2},"end":{"line":161,"column":33}}]},"31":{"type":"branch","line":161,"loc":{"start":{"line":161,"column":33},"end":{"line":163,"column":5}},"locations":[{"start":{"line":161,"column":33},"end":{"line":163,"column":5}}]},"32":{"type":"branch","line":163,"loc":{"start":{"line":163,"column":4},"end":{"line":165,"column":87}},"locations":[{"start":{"line":163,"column":4},"end":{"line":165,"column":87}}]},"33":{"type":"branch","line":165,"loc":{"start":{"line":165,"column":85},"end":{"line":179,"column":34}},"locations":[{"start":{"line":165,"column":85},"end":{"line":179,"column":34}}]},"34":{"type":"branch","line":179,"loc":{"start":{"line":179,"column":34},"end":{"line":184,"column":5}},"locations":[{"start":{"line":179,"column":34},"end":{"line":184,"column":5}}]},"35":{"type":"branch","line":184,"loc":{"start":{"line":184,"column":4},"end":{"line":186,"column":32}},"locations":[{"start":{"line":184,"column":4},"end":{"line":186,"column":32}}]},"36":{"type":"branch","line":186,"loc":{"start":{"line":186,"column":32},"end":{"line":196,"column":5}},"locations":[{"start":{"line":186,"column":32},"end":{"line":196,"column":5}}]},"37":{"type":"branch","line":188,"loc":{"start":{"line":188,"column":47},"end":{"line":193,"column":7}},"locations":[{"start":{"line":188,"column":47},"end":{"line":193,"column":7}}]},"38":{"type":"branch","line":193,"loc":{"start":{"line":193,"column":6},"end":{"line":196,"column":5}},"locations":[{"start":{"line":193,"column":6},"end":{"line":196,"column":5}}]},"39":{"type":"branch","line":197,"loc":{"start":{"line":197,"column":2},"end":{"line":199,"column":3}},"locations":[{"start":{"line":197,"column":2},"end":{"line":199,"column":3}}]},"40":{"type":"branch","line":199,"loc":{"start":{"line":199,"column":2},"end":{"line":202,"column":1}},"locations":[{"start":{"line":199,"column":2},"end":{"line":202,"column":1}}]},"41":{"type":"branch","line":132,"loc":{"start":{"line":132,"column":52},"end":{"line":133,"column":58}},"locations":[{"start":{"line":132,"column":52},"end":{"line":133,"column":58}}]},"42":{"type":"branch","line":167,"loc":{"start":{"line":167,"column":39},"end":{"line":175,"column":5}},"locations":[{"start":{"line":167,"column":39},"end":{"line":175,"column":5}}]},"43":{"type":"branch","line":168,"loc":{"start":{"line":168,"column":40},"end":{"line":169,"column":52}},"locations":[{"start":{"line":168,"column":40},"end":{"line":169,"column":52}}]},"44":{"type":"branch","line":169,"loc":{"start":{"line":169,"column":48},"end":{"line":169,"column":57}},"locations":[{"start":{"line":169,"column":48},"end":{"line":169,"column":57}}]},"45":{"type":"branch","line":171,"loc":{"start":{"line":171,"column":71},"end":{"line":172,"column":32}},"locations":[{"start":{"line":171,"column":71},"end":{"line":172,"column":32}}]},"46":{"type":"branch","line":177,"loc":{"start":{"line":177,"column":42},"end":{"line":177,"column":63}},"locations":[{"start":{"line":177,"column":42},"end":{"line":177,"column":63}}]}},"b":{"0":[2],"1":[0],"2":[2],"3":[0],"4":[30],"5":[2],"6":[0],"7":[28],"8":[8],"9":[0],"10":[20],"11":[15],"12":[0],"13":[0],"14":[131],"15":[670],"16":[670],"17":[655],"18":[0],"19":[53],"20":[3],"21":[50],"22":[14],"23":[36],"24":[9],"25":[6],"26":[5],"27":[1],"28":[0],"29":[1],"30":[30],"31":[2],"32":[30],"33":[27],"34":[5],"35":[21],"36":[14],"37":[12],"38":[2],"39":[4],"40":[11],"41":[1008],"42":[2052],"43":[8],"44":[2044],"45":[0],"46":[147]},"fnMap":{"0":{"name":"getHomeDirectory","decl":{"start":{"line":25,"column":0},"end":{"line":32,"column":1}},"loc":{"start":{"line":25,"column":0},"end":{"line":32,"column":1}},"line":25},"1":{"name":"expandPath","decl":{"start":{"line":37,"column":0},"end":{"line":43,"column":1}},"loc":{"start":{"line":37,"column":0},"end":{"line":43,"column":1}},"line":37},"2":{"name":"parsePathInput","decl":{"start":{"line":48,"column":0},"end":{"line":80,"column":1}},"loc":{"start":{"line":48,"column":0},"end":{"line":80,"column":1}},"line":48},"3":{"name":"findCommonPrefix","decl":{"start":{"line":91,"column":0},"end":{"line":110,"column":1}},"loc":{"start":{"line":91,"column":0},"end":{"line":110,"column":1}},"line":91},"4":{"name":"getAutocompleteSuggestions","decl":{"start":{"line":115,"column":0},"end":{"line":202,"column":1}},"loc":{"start":{"line":115,"column":0},"end":{"line":202,"column":1}},"line":115}},"f":{"0":2,"1":2,"2":30,"3":15,"4":53}}
,"/home/vaibhav/Desktop/term/term/src/utils/intentParser.ts": {"path":"/home/vaibhav/Desktop/term/term/src/utils/intentParser.ts","all":false,"statementMap":{"7":{"start":{"line":8,"column":0},"end":{"line":8,"column":51}},"8":{"start":{"line":9,"column":0},"end":{"line":9,"column":33}},"11":{"start":{"line":12,"column":0},"end":{"line":12,"column":61}},"12":{"start":{"line":13,"column":0},"end":{"line":13,"column":51}},"13":{"start":{"line":14,"column":0},"end":{"line":14,"column":47}},"14":{"start":{"line":15,"column":0},"end":{"line":15,"column":5}},"17":{"start":{"line":18,"column":0},"end":{"line":18,"column":52}},"18":{"start":{"line":19,"column":0},"end":{"line":19,"column":74}},"19":{"start":{"line":20,"column":0},"end":{"line":20,"column":71}},"20":{"start":{"line":21,"column":0},"end":{"line":21,"column":5}},"23":{"start":{"line":24,"column":0},"end":{"line":24,"column":53}},"24":{"start":{"line":25,"column":0},"end":{"line":25,"column":40}},"25":{"start":{"line":26,"column":0},"end":{"line":26,"column":64}},"26":{"start":{"line":27,"column":0},"end":{"line":27,"column":9}},"27":{"start":{"line":28,"column":0},"end":{"line":28,"column":60}},"28":{"start":{"line":29,"column":0},"end":{"line":29,"column":5}},"31":{"start":{"line":32,"column":0},"end":{"line":32,"column":29}},"32":{"start":{"line":33,"column":0},"end":{"line":33,"column":54}},"33":{"start":{"line":34,"column":0},"end":{"line":34,"column":5}},"35":{"start":{"line":36,"column":0},"end":{"line":36,"column":45}},"36":{"start":{"line":37,"column":0},"end":{"line":37,"column":1}}},"s":{"7":1,"8":15,"11":15,"12":3,"13":3,"14":3,"17":15,"18":0,"19":0,"20":0,"23":13,"24":11,"25":3,"26":3,"27":8,"28":8,"31":5,"32":0,"33":0,"35":1,"36":1},"branchMap":{"0":{"type":"branch","line":8,"loc":{"start":{"line":8,"column":7},"end":{"line":37,"column":1}},"locations":[{"start":{"line":8,"column":7},"end":{"line":37,"column":1}}]},"1":{"type":"branch","line":12,"loc":{"start":{"line":12,"column":60},"end":{"line":15,"column":5}},"locations":[{"start":{"line":12,"column":60},"end":{"line":15,"column":5}}]},"2":{"type":"branch","line":15,"loc":{"start":{"line":15,"column":4},"end":{"line":18,"column":51}},"locations":[{"start":{"line":15,"column":4},"end":{"line":18,"column":51}}]},"3":{"type":"branch","line":18,"loc":{"start":{"line":18,"column":51},"end":{"line":21,"column":5}},"locations":[{"start":{"line":18,"column":51},"end":{"line":21,"column":5}}]},"4":{"type":"branch","line":21,"loc":{"start":{"line":21,"column":4},"end":{"line":29,"column":5}},"locations":[{"start":{"line":21,"column":4},"end":{"line":29,"column":5}}]},"5":{"type":"branch","line":21,"loc":{"start":{"line":21,"column":4},"end":{"line":24,"column":52}},"locations":[{"start":{"line":21,"column":4},"end":{"line":24,"column":52}}]},"6":{"type":"branch","line":24,"loc":{"start":{"line":24,"column":52},"end":{"line":29,"column":5}},"locations":[{"start":{"line":24,"column":52},"end":{"line":29,"column":5}}]},"7":{"type":"branch","line":25,"loc":{"start":{"line":25,"column":39},"end":{"line":27,"column":9}},"locations":[{"start":{"line":25,"column":39},"end":{"line":27,"column":9}}]},"8":{"type":"branch","line":27,"loc":{"start":{"line":27,"column":8},"end":{"line":29,"column":5}},"locations":[{"start":{"line":27,"column":8},"end":{"line":29,"column":5}}]},"9":{"type":"branch","line":29,"loc":{"start":{"line":29,"column":4},"end":{"line":37,"column":1}},"locations":[{"start":{"line":29,"column":4},"end":{"line":37,"column":1}}]},"10":{"type":"branch","line":29,"loc":{"start":{"line":29,"column":4},"end":{"line":32,"column":28}},"locations":[{"start":{"line":29,"column":4},"end":{"line":32,"column":28}}]},"11":{"type":"branch","line":32,"loc":{"start":{"line":32,"column":28},"end":{"line":34,"column":5}},"locations":[{"start":{"line":32,"column":28},"end":{"line":34,"column":5}}]},"12":{"type":"branch","line":34,"loc":{"start":{"line":34,"column":4},"end":{"line":37,"column":1}},"locations":[{"start":{"line":34,"column":4},"end":{"line":37,"column":1}}]}},"b":{"0":[15],"1":[3],"2":[12],"3":[0],"4":[13],"5":[12],"6":[11],"7":[3],"8":[8],"9":[5],"10":[1],"11":[0],"12":[1]},"fnMap":{"0":{"name":"parseInput","decl":{"start":{"line":8,"column":7},"end":{"line":37,"column":1}},"loc":{"start":{"line":8,"column":7},"end":{"line":37,"column":1}},"line":8}},"f":{"0":15}}
}
